This is pdfTeX, Version 3.141592653-2.6-1.40.26 (MiKTeX 24.4) (preloaded format=pdflatex 2024.6.10)  29 JUL 2024 21:14
entering extended mode
 restricted \write18 enabled.
 %&-line parsing enabled.
**./AyME_Proyecto_Global_Integrador_BORQUEZ_ESCOBAR.tex
(AyME_Proyecto_Global_Integrador_BORQUEZ_ESCOBAR.tex
LaTeX2e <2024-06-01>
L3 programming layer <2024-05-08>
(ieeeconf.cls
Document Class: ieeeconf 2004/1/15 revision V1.6b by Pradeep Misra
\@IEEEtrantmpdimenA=\dimen141
\@IEEEtrantmpdimenB=\dimen142
\@IEEEtrantmpcountA=\count194
\@IEEEtrantmpcountB=\count195
\@IEEEtrantmptoksA=\toks17
LaTeX Font Info:    Trying to load font information for OT1+ptm on input line 7
92.
(D:\Programas\LaTEX\tex/latex/psnfss\ot1ptm.fd
File: ot1ptm.fd 2001/06/04 font definitions for OT1/ptm.
)
** ATTENTION: Single column mode is not normally used with IEEE publications.
\@IEEEnormalsizefontbaselineskip=\skip49
-- This is a 10 point document.
\normalsizebaselineskip=\skip50
\normaljot=\skip51
LaTeX Font Info:    Font shape `OT1/ptm/bx/n' in size <5> not available
(Font)              Font shape `OT1/ptm/b/n' tried instead on input line 1111.
LaTeX Font Info:    Font shape `OT1/ptm/bx/it' in size <5> not available
(Font)              Font shape `OT1/ptm/b/it' tried instead on input line 1111.

LaTeX Font Info:    Font shape `OT1/ptm/bx/n' in size <7> not available
(Font)              Font shape `OT1/ptm/b/n' tried instead on input line 1111.
LaTeX Font Info:    Font shape `OT1/ptm/bx/it' in size <7> not available
(Font)              Font shape `OT1/ptm/b/it' tried instead on input line 1111.

LaTeX Font Info:    Font shape `OT1/ptm/bx/n' in size <8> not available
(Font)              Font shape `OT1/ptm/b/n' tried instead on input line 1111.
LaTeX Font Info:    Font shape `OT1/ptm/bx/it' in size <8> not available
(Font)              Font shape `OT1/ptm/b/it' tried instead on input line 1111.

LaTeX Font Info:    Font shape `OT1/ptm/bx/n' in size <9> not available
(Font)              Font shape `OT1/ptm/b/n' tried instead on input line 1111.
LaTeX Font Info:    Font shape `OT1/ptm/bx/it' in size <9> not available
(Font)              Font shape `OT1/ptm/b/it' tried instead on input line 1111.

LaTeX Font Info:    Font shape `OT1/ptm/bx/n' in size <10> not available
(Font)              Font shape `OT1/ptm/b/n' tried instead on input line 1111.
LaTeX Font Info:    Font shape `OT1/ptm/bx/it' in size <10> not available
(Font)              Font shape `OT1/ptm/b/it' tried instead on input line 1111.

LaTeX Font Info:    Font shape `OT1/ptm/bx/n' in size <11> not available
(Font)              Font shape `OT1/ptm/b/n' tried instead on input line 1111.
LaTeX Font Info:    Font shape `OT1/ptm/bx/it' in size <11> not available
(Font)              Font shape `OT1/ptm/b/it' tried instead on input line 1111.

LaTeX Font Info:    Font shape `OT1/ptm/bx/n' in size <12> not available
(Font)              Font shape `OT1/ptm/b/n' tried instead on input line 1111.
LaTeX Font Info:    Font shape `OT1/ptm/bx/it' in size <12> not available
(Font)              Font shape `OT1/ptm/b/it' tried instead on input line 1111.

LaTeX Font Info:    Font shape `OT1/ptm/bx/n' in size <16> not available
(Font)              Font shape `OT1/ptm/b/n' tried instead on input line 1111.
LaTeX Font Info:    Font shape `OT1/ptm/bx/it' in size <16> not available
(Font)              Font shape `OT1/ptm/b/it' tried instead on input line 1111.

LaTeX Font Info:    Font shape `OT1/ptm/bx/n' in size <20> not available
(Font)              Font shape `OT1/ptm/b/n' tried instead on input line 1111.
LaTeX Font Info:    Font shape `OT1/ptm/bx/it' in size <20> not available
(Font)              Font shape `OT1/ptm/b/it' tried instead on input line 1111.

LaTeX Font Info:    Font shape `OT1/ptm/bx/n' in size <24> not available
(Font)              Font shape `OT1/ptm/b/n' tried instead on input line 1111.
LaTeX Font Info:    Font shape `OT1/ptm/bx/it' in size <24> not available
(Font)              Font shape `OT1/ptm/b/it' tried instead on input line 1111.

\IEEEilabelindentA=\dimen143
\IEEEilabelindentB=\dimen144
\IEEEilabelindent=\dimen145
\IEEEelabelindent=\dimen146
\IEEEdlabelindent=\dimen147
\labelindent=\dimen148
\IEEEiednormlabelsep=\dimen149
\IEEEiedmathlabelsep=\dimen150
\IEEEiedtopsep=\skip52
\c@section=\count196
\c@subsection=\count197
\c@subsubsection=\count198
\c@paragraph=\count199
\c@IEEEsubequation=\count266
\abovecaptionskip=\skip53
\belowcaptionskip=\skip54
\c@figure=\count267
\c@table=\count268
\@IEEEeqnnumcols=\count269
\@IEEEeqncolcnt=\count270
\@IEEEtmpitemindent=\dimen151
\c@biography=\count271
\@IEEEtranrubishbin=\box52
)
** ATTENTION: Overriding IEEE standard margins (line 3).
(D:\Programas\LaTEX\tex/latex/base\inputenc.sty
Package: inputenc 2024/02/08 v1.3d Input encoding file
\inpenc@prehook=\toks18
\inpenc@posthook=\toks19
)
(D:\Programas\LaTEX\tex/latex/base\fontenc.sty
Package: fontenc 2021/04/29 v2.0v Standard LaTeX package
LaTeX Font Info:    Trying to load font information for T1+ptm on input line 11
6.

(D:\Programas\LaTEX\tex/latex/psnfss\t1ptm.fd
File: t1ptm.fd 2001/06/04 font definitions for T1/ptm.
))
(D:\Programas\LaTEX\tex/generic/babel\babel.sty
Package: babel 2024/05/18 v24.5 The Babel package
\babel@savecnt=\count272
\U@D=\dimen152
\l@unhyphenated=\language79

(D:\Programas\LaTEX\tex/generic/babel\txtbabel.def)
\bbl@readstream=\read2
\bbl@dirlevel=\count273

*************************************
* Local config file bblopts.cfg used
*
(D:\Programas\LaTEX\tex/latex/arabi\bblopts.cfg
File: bblopts.cfg 2005/09/08 v0.1 add Arabic and Farsi to "declared" options of
 babel
)
(D:\Programas\LaTEX\tex/latex/babel-spanish\spanish.ldf
Language: spanish.ldf 2021/05/27 v5.0q Spanish support from the babel system
\es@quottoks=\toks20
\es@quotdepth=\count274
Package babel Info: Making " an active character on input line 570.
Package babel Info: Making . an active character on input line 675.
Package babel Info: Making < an active character on input line 722.
Package babel Info: Making > an active character on input line 722.
))
(D:\Programas\LaTEX\tex/generic/babel/locale/es\babel-spanish.tex
Package babel Info: Importing font and identification data for spanish
(babel)             from babel-es.ini. Reported on input line 11.
)
(D:\Programas\LaTEX\tex/latex/fancyhdr\fancyhdr.sty
Package: fancyhdr 2024/04/23 v4.2 Extensive control of page headers and footers

\f@nch@headwidth=\skip55
\f@nch@O@elh=\skip56
\f@nch@O@erh=\skip57
\f@nch@O@olh=\skip58
\f@nch@O@orh=\skip59
\f@nch@O@elf=\skip60
\f@nch@O@erf=\skip61
\f@nch@O@olf=\skip62
\f@nch@O@orf=\skip63
)
(D:\Programas\LaTEX\tex/latex/lastpage\lastpage.sty
Package: lastpage 2024/04/27 v2.1a lastpage: 2.09 or 2e? (HMM)

(D:\Programas\LaTEX\tex/latex/lastpage\lastpage2e.sty
Package: lastpage2e 2024/04/27 v2.1a Decide which 2e lastpage version to use (H
MM)

(D:\Programas\LaTEX\tex/latex/lastpage\lastpagemodern.sty
Package: lastpagemodern 2024-04-27 v2.1a Refers to last page's name (HMM; JPG)
\c@lastpagecount=\count275
) 
)) (D:\Programas\LaTEX\tex/latex/graphics\graphicx.sty
Package: graphicx 2021/09/16 v1.2d Enhanced LaTeX Graphics (DPC,SPQR)

(D:\Programas\LaTEX\tex/latex/graphics\keyval.sty
Package: keyval 2022/05/29 v1.15 key=value parser (DPC)
\KV@toks@=\toks21
)
(D:\Programas\LaTEX\tex/latex/graphics\graphics.sty
Package: graphics 2022/03/10 v1.4e Standard LaTeX Graphics (DPC,SPQR)

(D:\Programas\LaTEX\tex/latex/graphics\trig.sty
Package: trig 2021/08/11 v1.11 sin cos tan (DPC)
)
(D:\Programas\LaTEX\tex/latex/graphics-cfg\graphics.cfg
File: graphics.cfg 2016/06/04 v1.11 sample graphics configuration
)
Package graphics Info: Driver file: pdftex.def on input line 107.

(D:\Programas\LaTEX\tex/latex/graphics-def\pdftex.def
File: pdftex.def 2024/04/13 v1.2c Graphics/color driver for pdftex
))
\Gin@req@height=\dimen153
\Gin@req@width=\dimen154
)
(D:\Programas\LaTEX\tex/latex/amsmath\amsmath.sty
Package: amsmath 2023/05/13 v2.17o AMS math features
\@mathmargin=\skip64

For additional information on amsmath, use the `?' option.
(D:\Programas\LaTEX\tex/latex/amsmath\amstext.sty
Package: amstext 2021/08/26 v2.01 AMS text

(D:\Programas\LaTEX\tex/latex/amsmath\amsgen.sty
File: amsgen.sty 1999/11/30 v2.0 generic functions
\@emptytoks=\toks22
\ex@=\dimen155
))
(D:\Programas\LaTEX\tex/latex/amsmath\amsbsy.sty
Package: amsbsy 1999/11/29 v1.2d Bold Symbols
\pmbraise@=\dimen156
)
(D:\Programas\LaTEX\tex/latex/amsmath\amsopn.sty
Package: amsopn 2022/04/08 v2.04 operator names
)
\inf@bad=\count276
LaTeX Info: Redefining \frac on input line 234.
\uproot@=\count277
\leftroot@=\count278
LaTeX Info: Redefining \overline on input line 399.
LaTeX Info: Redefining \colon on input line 410.
\classnum@=\count279
\DOTSCASE@=\count280
LaTeX Info: Redefining \ldots on input line 496.
LaTeX Info: Redefining \dots on input line 499.
LaTeX Info: Redefining \cdots on input line 620.
\Mathstrutbox@=\box53
\strutbox@=\box54
LaTeX Info: Redefining \big on input line 722.
LaTeX Info: Redefining \Big on input line 723.
LaTeX Info: Redefining \bigg on input line 724.
LaTeX Info: Redefining \Bigg on input line 725.
\big@size=\dimen157
LaTeX Font Info:    Redeclaring font encoding OML on input line 743.
LaTeX Font Info:    Redeclaring font encoding OMS on input line 744.
\macc@depth=\count281
LaTeX Info: Redefining \bmod on input line 905.
LaTeX Info: Redefining \pmod on input line 910.
LaTeX Info: Redefining \smash on input line 940.
LaTeX Info: Redefining \relbar on input line 970.
LaTeX Info: Redefining \Relbar on input line 971.
\c@MaxMatrixCols=\count282
\dotsspace@=\muskip17
\c@parentequation=\count283
\dspbrk@lvl=\count284
\tag@help=\toks23
\row@=\count285
\column@=\count286
\maxfields@=\count287
\andhelp@=\toks24
\eqnshift@=\dimen158
\alignsep@=\dimen159
\tagshift@=\dimen160
\tagwidth@=\dimen161
\totwidth@=\dimen162
\lineht@=\dimen163
\@envbody=\toks25
\multlinegap=\skip65
\multlinetaggap=\skip66
\mathdisplay@stack=\toks26
LaTeX Info: Redefining \[ on input line 2953.
LaTeX Info: Redefining \] on input line 2954.
)
(D:\Programas\LaTEX\tex/latex/amsfonts\amssymb.sty
Package: amssymb 2013/01/14 v3.01 AMS font symbols

(D:\Programas\LaTEX\tex/latex/amsfonts\amsfonts.sty
Package: amsfonts 2013/01/14 v3.01 Basic AMSFonts support
\symAMSa=\mathgroup4
\symAMSb=\mathgroup5
LaTeX Font Info:    Redeclaring math symbol \hbar on input line 98.
LaTeX Font Info:    Overwriting math alphabet `\mathfrak' in version `bold'
(Font)                  U/euf/m/n --> U/euf/b/n on input line 106.
))
(D:\Programas\LaTEX\tex/latex/adjustbox\adjustbox.sty
Package: adjustbox 2022/10/17 v1.3a Adjusting TeX boxes (trim, clip, ...)

(D:\Programas\LaTEX\tex/latex/xkeyval\xkeyval.sty
Package: xkeyval 2022/06/16 v2.9 package option processing (HA)

(D:\Programas\LaTEX\tex/generic/xkeyval\xkeyval.tex
(D:\Programas\LaTEX\tex/generic/xkeyval\xkvutils.tex
\XKV@toks=\toks27
\XKV@tempa@toks=\toks28
)
\XKV@depth=\count288
File: xkeyval.tex 2014/12/03 v2.7a key=value parser (HA)
))
(D:\Programas\LaTEX\tex/latex/adjustbox\adjcalc.sty
Package: adjcalc 2012/05/16 v1.1 Provides advanced setlength with multiple back
-ends (calc, etex, pgfmath)
)
(D:\Programas\LaTEX\tex/latex/adjustbox\trimclip.sty
Package: trimclip 2020/08/19 v1.2 Trim and clip general TeX material

(D:\Programas\LaTEX\tex/latex/collectbox\collectbox.sty
Package: collectbox 2022/10/17 v0.4c Collect macro arguments as boxes
\collectedbox=\box55
)
\tc@llx=\dimen164
\tc@lly=\dimen165
\tc@urx=\dimen166
\tc@ury=\dimen167
Package trimclip Info: Using driver 'tc-pdftex.def'.

(D:\Programas\LaTEX\tex/latex/adjustbox\tc-pdftex.def
File: tc-pdftex.def 2019/01/04 v2.2 Clipping driver for pdftex
))
\adjbox@Width=\dimen168
\adjbox@Height=\dimen169
\adjbox@Depth=\dimen170
\adjbox@Totalheight=\dimen171
\adjbox@pwidth=\dimen172
\adjbox@pheight=\dimen173
\adjbox@pdepth=\dimen174
\adjbox@ptotalheight=\dimen175

(D:\Programas\LaTEX\tex/latex/ifoddpage\ifoddpage.sty
Package: ifoddpage 2022/10/18 v1.2 Conditionals for odd/even page detection
\c@checkoddpage=\count289
)
(D:\Programas\LaTEX\tex/latex/varwidth\varwidth.sty
Package: varwidth 2009/03/30 ver 0.92;  Variable-width minipages
\@vwid@box=\box56
\sift@deathcycles=\count290
\@vwid@loff=\dimen176
\@vwid@roff=\dimen177
))
(D:\Programas\LaTEX\tex/latex/cleveref\cleveref.sty
Package: cleveref 2018/03/27 v0.21.4 Intelligent cross-referencing
)
(D:\Programas\LaTEX\tex/latex/hyphenat\hyphenat.sty
Package: hyphenat 2009/09/02 v2.3c hyphenation utilities
\langwohyphens=\language80
LaTeX Info: Redefining \_ on input line 43.
)
(D:\Programas\LaTEX\tex/latex/tools\array.sty
Package: array 2023/10/16 v2.5g Tabular extension package (FMi)
\col@sep=\dimen178
\ar@mcellbox=\box57
\extrarowheight=\dimen179
\NC@list=\toks29
\extratabsurround=\skip67
\backup@length=\skip68
\ar@cellbox=\box58
)
(D:\Programas\LaTEX\tex/latex/float\float.sty
Package: float 2001/11/08 v1.3d Float enhancements (AL)
\c@float@type=\count291
\float@exts=\toks30
\float@box=\box59
\@float@everytoks=\toks31
\@floatcapt=\box60
)
(D:\Programas\LaTEX\tex/latex/multirow\multirow.sty
Package: multirow 2021/03/15 v2.8 Span multiple rows of a table
\multirow@colwidth=\skip69
\multirow@cntb=\count292
\multirow@dima=\skip70
\bigstrutjot=\dimen180
)
(D:\Programas\LaTEX\tex/latex/base\textcomp.sty
Package: textcomp 2024/04/24 v2.1b Standard LaTeX package
)
(D:\Programas\LaTEX\tex/latex/biblatex\biblatex.sty
Package: biblatex 2024/03/21 v3.20 programmable bibliographies (PK/MW)

(D:\Programas\LaTEX\tex/generic/pdftexcmds\pdftexcmds.sty
Package: pdftexcmds 2020-06-27 v0.33 Utility functions of pdfTeX for LuaTeX (HO
)

(D:\Programas\LaTEX\tex/generic/infwarerr\infwarerr.sty
Package: infwarerr 2019/12/03 v1.5 Providing info/warning/error messages (HO)
)
(D:\Programas\LaTEX\tex/generic/iftex\iftex.sty
Package: iftex 2022/02/03 v1.0f TeX engine tests
)
(D:\Programas\LaTEX\tex/generic/ltxcmds\ltxcmds.sty
Package: ltxcmds 2023-12-04 v1.26 LaTeX kernel commands for general use (HO)
)
Package pdftexcmds Info: \pdf@primitive is available.
Package pdftexcmds Info: \pdf@ifprimitive is available.
Package pdftexcmds Info: \pdfdraftmode found.
)
(D:\Programas\LaTEX\tex/latex/etoolbox\etoolbox.sty
Package: etoolbox 2020/10/05 v2.5k e-TeX tools for LaTeX (JAW)
\etb@tempcnta=\count293
)
(D:\Programas\LaTEX\tex/latex/kvoptions\kvoptions.sty
Package: kvoptions 2022-06-15 v3.15 Key value format for package options (HO)

(D:\Programas\LaTEX\tex/latex/kvsetkeys\kvsetkeys.sty
Package: kvsetkeys 2022-10-05 v1.19 Key value parser (HO)
))
(D:\Programas\LaTEX\tex/latex/logreq\logreq.sty
Package: logreq 2010/08/04 v1.0 xml request logger
\lrq@indent=\count294

(D:\Programas\LaTEX\tex/latex/logreq\logreq.def
File: logreq.def 2010/08/04 v1.0 logreq spec v1.0
))
(D:\Programas\LaTEX\tex/latex/base\ifthen.sty
Package: ifthen 2024/03/16 v1.1e Standard LaTeX ifthen package (DPC)
)
(D:\Programas\LaTEX\tex/latex/url\url.sty
\Urlmuskip=\muskip18
Package: url 2013/09/16  ver 3.4  Verb mode for urls, etc.
)
\c@tabx@nest=\count295
\c@listtotal=\count296
\c@listcount=\count297
\c@liststart=\count298
\c@liststop=\count299
\c@citecount=\count300
\c@citetotal=\count301
\c@multicitecount=\count302
\c@multicitetotal=\count303
\c@instcount=\count304
\c@maxnames=\count305
\c@minnames=\count306
\c@maxitems=\count307
\c@minitems=\count308
\c@citecounter=\count309
\c@maxcitecounter=\count310
\c@savedcitecounter=\count311
\c@uniquelist=\count312
\c@uniquename=\count313
\c@refsection=\count314
\c@refsegment=\count315
\c@maxextratitle=\count316
\c@maxextratitleyear=\count317
\c@maxextraname=\count318
\c@maxextradate=\count319
\c@maxextraalpha=\count320
\c@abbrvpenalty=\count321
\c@highnamepenalty=\count322
\c@lownamepenalty=\count323
\c@maxparens=\count324
\c@parenlevel=\count325
\blx@tempcnta=\count326
\blx@tempcntb=\count327
\blx@tempcntc=\count328
\c@blx@maxsection=\count329
\blx@maxsegment@0=\count330
\blx@notetype=\count331
\blx@parenlevel@text=\count332
\blx@parenlevel@foot=\count333
\blx@sectionciteorder@0=\count334
\blx@sectionciteorderinternal@0=\count335
\blx@entrysetcounter=\count336
\blx@biblioinstance=\count337
\labelnumberwidth=\skip71
\labelalphawidth=\skip72
\biblabelsep=\skip73
\bibitemsep=\skip74
\bibnamesep=\skip75
\bibinitsep=\skip76
\bibparsep=\skip77
\bibhang=\skip78
\blx@bcfin=\read3
\blx@bcfout=\write3
\blx@langwohyphens=\language81
\c@mincomprange=\count338
\c@maxcomprange=\count339
\c@mincompwidth=\count340
Package biblatex Info: Trying to load biblatex default data model...
Package biblatex Info: ... file 'blx-dm.def' found.

(D:\Programas\LaTEX\tex/latex/biblatex\blx-dm.def
File: blx-dm.def 2024/03/21 v3.20 biblatex datamodel (PK/MW)
)
Package biblatex Info: Trying to load biblatex style data model...
Package biblatex Info: ... file 'ieee.dbx' not found.
Package biblatex Info: Trying to load biblatex custom data model...
Package biblatex Info: ... file 'biblatex-dm.cfg' not found.
\c@afterword=\count341
\c@savedafterword=\count342
\c@annotator=\count343
\c@savedannotator=\count344
\c@author=\count345
\c@savedauthor=\count346
\c@bookauthor=\count347
\c@savedbookauthor=\count348
\c@commentator=\count349
\c@savedcommentator=\count350
\c@editor=\count351
\c@savededitor=\count352
\c@editora=\count353
\c@savededitora=\count354
\c@editorb=\count355
\c@savededitorb=\count356
\c@editorc=\count357
\c@savededitorc=\count358
\c@foreword=\count359
\c@savedforeword=\count360
\c@holder=\count361
\c@savedholder=\count362
\c@introduction=\count363
\c@savedintroduction=\count364
\c@namea=\count365
\c@savednamea=\count366
\c@nameb=\count367
\c@savednameb=\count368
\c@namec=\count369
\c@savednamec=\count370
\c@translator=\count371
\c@savedtranslator=\count372
\c@shortauthor=\count373
\c@savedshortauthor=\count374
\c@shorteditor=\count375
\c@savedshorteditor=\count376
\c@labelname=\count377
\c@savedlabelname=\count378
\c@institution=\count379
\c@savedinstitution=\count380
\c@lista=\count381
\c@savedlista=\count382
\c@listb=\count383
\c@savedlistb=\count384
\c@listc=\count385
\c@savedlistc=\count386
\c@listd=\count387
\c@savedlistd=\count388
\c@liste=\count389
\c@savedliste=\count390
\c@listf=\count391
\c@savedlistf=\count392
\c@location=\count393
\c@savedlocation=\count394
\c@organization=\count395
\c@savedorganization=\count396
\c@origlocation=\count397
\c@savedoriglocation=\count398
\c@origpublisher=\count399
\c@savedorigpublisher=\count400
\c@publisher=\count401
\c@savedpublisher=\count402
\c@language=\count403
\c@savedlanguage=\count404
\c@origlanguage=\count405
\c@savedoriglanguage=\count406
\c@pageref=\count407
\c@savedpageref=\count408
\shorthandwidth=\skip79
\shortjournalwidth=\skip80
\shortserieswidth=\skip81
\shorttitlewidth=\skip82
\shortauthorwidth=\skip83
\shorteditorwidth=\skip84
\locallabelnumberwidth=\skip85
\locallabelalphawidth=\skip86
\localshorthandwidth=\skip87
\localshortjournalwidth=\skip88
\localshortserieswidth=\skip89
\localshorttitlewidth=\skip90
\localshortauthorwidth=\skip91
\localshorteditorwidth=\skip92
Package biblatex Info: Trying to load compatibility code...
Package biblatex Info: ... file 'blx-compat.def' found.

(D:\Programas\LaTEX\tex/latex/biblatex\blx-compat.def
File: blx-compat.def 2024/03/21 v3.20 biblatex compatibility (PK/MW)
)
Package biblatex Info: Trying to load generic definitions...
Package biblatex Info: ... file 'biblatex.def' found.

(D:\Programas\LaTEX\tex/latex/biblatex\biblatex.def
File: biblatex.def 2024/03/21 v3.20 biblatex compatibility (PK/MW)
\c@textcitecount=\count409
\c@textcitetotal=\count410
\c@textcitemaxnames=\count411
\c@biburlbigbreakpenalty=\count412
\c@biburlbreakpenalty=\count413
\c@biburlnumpenalty=\count414
\c@biburlucpenalty=\count415
\c@biburllcpenalty=\count416
\biburlbigskip=\muskip19
\biburlnumskip=\muskip20
\biburlucskip=\muskip21
\biburllcskip=\muskip22
\c@smartand=\count417
)
Package biblatex Info: Trying to load bibliography style 'ieee'...
Package biblatex Info: ... file 'ieee.bbx' found.

(D:\Programas\LaTEX\tex/latex/biblatex-ieee\ieee.bbx
File: ieee.bbx 2021/12/06 v1.3f biblatex bibliography style
Package biblatex Info: Trying to load bibliography style 'numeric-comp'...
Package biblatex Info: ... file 'numeric-comp.bbx' found.

(D:\Programas\LaTEX\tex/latex/biblatex/bbx\numeric-comp.bbx
File: numeric-comp.bbx 2024/03/21 v3.20 biblatex bibliography style (PK/MW)
Package biblatex Info: Trying to load bibliography style 'numeric'...
Package biblatex Info: ... file 'numeric.bbx' found.

(D:\Programas\LaTEX\tex/latex/biblatex/bbx\numeric.bbx
File: numeric.bbx 2024/03/21 v3.20 biblatex bibliography style (PK/MW)
Package biblatex Info: Trying to load bibliography style 'standard'...
Package biblatex Info: ... file 'standard.bbx' found.

(D:\Programas\LaTEX\tex/latex/biblatex/bbx\standard.bbx
File: standard.bbx 2024/03/21 v3.20 biblatex bibliography style (PK/MW)
\c@bbx:relatedcount=\count418
\c@bbx:relatedtotal=\count419
))))
Package biblatex Info: Trying to load citation style 'ieee'...
Package biblatex Info: ... file 'ieee.cbx' found.

(D:\Programas\LaTEX\tex/latex/biblatex-ieee\ieee.cbx
File: ieee.cbx 2021/12/06 v1.3f biblatex citation style
Package biblatex Info: Trying to load citation style 'numeric-comp'...
Package biblatex Info: ... file 'numeric-comp.cbx' found.

(D:\Programas\LaTEX\tex/latex/biblatex/cbx\numeric-comp.cbx
File: numeric-comp.cbx 2024/03/21 v3.20 biblatex citation style (PK/MW)
\c@cbx@tempcnta=\count420
\c@cbx@tempcntb=\count421
\c@cbx@tempcntc=\count422
\c@cbx@tempcntd=\count423
Package biblatex Info: Redefining '\cite'.
Package biblatex Info: Redefining '\parencite'.
Package biblatex Info: Redefining '\footcite'.
Package biblatex Info: Redefining '\footcitetext'.
Package biblatex Info: Redefining '\smartcite'.
Package biblatex Info: Redefining '\supercite'.
Package biblatex Info: Redefining '\textcite'.
Package biblatex Info: Redefining '\textcites'.
Package biblatex Info: Redefining '\cites'.
Package biblatex Info: Redefining '\parencites'.
Package biblatex Info: Redefining '\smartcites'.
)
Package biblatex Info: Redefining '\cite'.
Package biblatex Info: Redefining '\supercite'.
Package biblatex Info: Redefining '\cites'.
)
Package biblatex Info: Trying to load configuration file...
Package biblatex Info: ... file 'biblatex.cfg' found.

(D:\Programas\LaTEX\tex/latex/biblatex\biblatex.cfg
File: biblatex.cfg 
)
Package biblatex Info: Input encoding 'utf8' detected.
Package biblatex Info: Document encoding is UTF8 ....

(D:\Programas\LaTEX\tex/latex/l3kernel\expl3.sty
Package: expl3 2024-05-08 L3 programming layer (loader) 

(D:\Programas\LaTEX\tex/latex/l3backend\l3backend-pdftex.def
File: l3backend-pdftex.def 2024-05-08 L3 backend support: PDF output (pdfTeX)
\l__color_backend_stack_int=\count424
\l__pdf_internal_box=\box61
))
Package biblatex Info: ... and expl3
(biblatex)             2024-05-08 L3 programming layer (loader) 
(biblatex)             is new enough (at least 2020/04/06),
(biblatex)             setting 'casechanger=expl3'.

(D:\Programas\LaTEX\tex/latex/biblatex\blx-case-expl3.sty
(D:\Programas\LaTEX\tex/latex/l3packages/xparse\xparse.sty
Package: xparse 2024-05-08 L3 Experimental document command parser
)
Package: blx-case-expl3 2024/03/21 v3.20 expl3 case changing code for biblatex
))

Package biblatex Warning: 'babel/polyglossia' detected but 'csquotes' missing.
(biblatex)                Loading 'csquotes' recommended.

\@quotelevel=\count425
\@quotereset=\count426
(AyME_Proyecto_Global_Integrador_BORQUEZ_ESCOBAR.aux
LaTeX Info: Redefining \. on input line 10.
LaTeX Info: Redefining \% on input line 10.
)
\openout1 = `AyME_Proyecto_Global_Integrador_BORQUEZ_ESCOBAR.aux'.

LaTeX Font Info:    Checking defaults for OML/cmm/m/it on input line 52.
LaTeX Font Info:    ... okay on input line 52.
LaTeX Font Info:    Checking defaults for OMS/cmsy/m/n on input line 52.
LaTeX Font Info:    ... okay on input line 52.
LaTeX Font Info:    Checking defaults for OT1/cmr/m/n on input line 52.
LaTeX Font Info:    ... okay on input line 52.
LaTeX Font Info:    Checking defaults for T1/cmr/m/n on input line 52.
LaTeX Font Info:    ... okay on input line 52.
LaTeX Font Info:    Checking defaults for TS1/cmr/m/n on input line 52.
LaTeX Font Info:    ... okay on input line 52.
LaTeX Font Info:    Checking defaults for OMX/cmex/m/n on input line 52.
LaTeX Font Info:    ... okay on input line 52.
LaTeX Font Info:    Checking defaults for U/cmr/m/n on input line 52.
LaTeX Font Info:    ... okay on input line 52.
LaTeX Info: Redefining \. on input line 52.
LaTeX Info: Redefining \% on input line 52.

(D:\Programas\LaTEX\tex/context/base/mkii\supp-pdf.mkii
[Loading MPS to PDF converter (version 2006.09.02).]
\scratchcounter=\count427
\scratchdimen=\dimen181
\scratchbox=\box62
\nofMPsegments=\count428
\nofMParguments=\count429
\everyMPshowfont=\toks32
\MPscratchCnt=\count430
\MPscratchDim=\dimen182
\MPnumerator=\count431
\makeMPintoPDFobject=\count432
\everyMPtoPDFconversion=\toks33
) (D:\Programas\LaTEX\tex/latex/epstopdf-pkg\epstopdf-base.sty
Package: epstopdf-base 2020-01-24 v2.11 Base part for package epstopdf
Package epstopdf-base Info: Redefining graphics rule for `.eps' on input line 4
85.

(D:\Programas\LaTEX\tex/latex/00miktex\epstopdf-sys.cfg
File: epstopdf-sys.cfg 2021/03/18 v2.0 Configuration of epstopdf for MiKTeX
))
Package biblatex Info: Trying to load language 'spanish'...
Package biblatex Info: ... file 'spanish.lbx' found.

(D:\Programas\LaTEX\tex/latex/biblatex/lbx\spanish.lbx
File: spanish.lbx 2024/03/21 v3.20 biblatex localization (PK/MW)
)
Package biblatex Info: Input encoding 'utf8' detected.
Package biblatex Info: Automatic encoding selection.
(biblatex)             Assuming data encoding 'utf8'.
\openout3 = `AyME_Proyecto_Global_Integrador_BORQUEZ_ESCOBAR.bcf'.

Package biblatex Info: Trying to load bibliographic data...
Package biblatex Info: ... file 'AyME_Proyecto_Global_Integrador_BORQUEZ_ESCOBA
R.bbl' found.

(AyME_Proyecto_Global_Integrador_BORQUEZ_ESCOBAR.bbl)
Package biblatex Info: Reference section=0 on input line 52.
Package biblatex Info: Reference segment=0 on input line 52.



Package fancyhdr Warning: \headheight is too small (18.0pt): 
(fancyhdr)                Make it at least 34.37994pt, for example:
(fancyhdr)                \setlength{\headheight}{34.37994pt}.
(fancyhdr)                You might also make \topmargin smaller to compensate:

(fancyhdr)                \addtolength{\topmargin}{-16.37994pt}.

[1{C:/Users/matie/AppData/Local/MiKTeX/fonts/map/pdftex/pdftex.map}{D:/Programa
s/LaTEX/fonts/enc/dvips/base/8r.enc}]
<1-Brazo.PNG, id=7, 320.69812pt x 257.46187pt>
File: 1-Brazo.PNG Graphic file (type png)
<use 1-Brazo.PNG>
Package pdftex.def Info: 1-Brazo.PNG  used on input line 103.
(pdftex.def)             Requested size: 505.89pt x 406.14885pt.
LaTeX Font Info:    Trying to load font information for U+msa on input line 103
.

(D:\Programas\LaTEX\tex/latex/amsfonts\umsa.fd
File: umsa.fd 2013/01/14 v3.01 AMS symbols A
)
LaTeX Font Info:    Trying to load font information for U+msb on input line 103
.

(D:\Programas\LaTEX\tex/latex/amsfonts\umsb.fd
File: umsb.fd 2013/01/14 v3.01 AMS symbols B
)


Package fancyhdr Warning: \headheight is too small (18.0pt): 
(fancyhdr)                Make it at least 34.37994pt, for example:
(fancyhdr)                \setlength{\headheight}{34.37994pt}.
(fancyhdr)                You might also make \topmargin smaller to compensate:

(fancyhdr)                \addtolength{\topmargin}{-16.37994pt}.

[2 <./1-Brazo.PNG>]


Package fancyhdr Warning: \headheight is too small (18.0pt): 
(fancyhdr)                Make it at least 34.37994pt, for example:
(fancyhdr)                \setlength{\headheight}{34.37994pt}.
(fancyhdr)                You might also make \topmargin smaller to compensate:

(fancyhdr)                \addtolength{\topmargin}{-16.37994pt}.

[3]


Package fancyhdr Warning: \headheight is too small (18.0pt): 
(fancyhdr)                Make it at least 34.37994pt, for example:
(fancyhdr)                \setlength{\headheight}{34.37994pt}.
(fancyhdr)                You might also make \topmargin smaller to compensate:

(fancyhdr)                \addtolength{\topmargin}{-16.37994pt}.

[4]
<2-Subsistema_Mec√°nico_Completo.pdf, id=31, 421.575pt x 232.87pt>
File: 2-Subsistema_Mec√°nico_Completo.pdf Graphic file (type pdf)
<use 2-Subsistema_Mec√°nico_Completo.pdf>
Package pdftex.def Info: 2-Subsistema_Mec√°nico_Completo.pdf  used on input lin
e 341.
(pdftex.def)             Requested size: 421.57396pt x 232.86942pt.



Package fancyhdr Warning: \headheight is too small (18.0pt): 
(fancyhdr)                Make it at least 34.37994pt, for example:
(fancyhdr)                \setlength{\headheight}{34.37994pt}.
(fancyhdr)                You might also make \topmargin smaller to compensate:

(fancyhdr)                \addtolength{\topmargin}{-16.37994pt}.

[5 <./2-Subsistema_Mec√°nico_Completo.pdf>]


Package fancyhdr Warning: \headheight is too small (18.0pt): 
(fancyhdr)                Make it at least 34.37994pt, for example:
(fancyhdr)                \setlength{\headheight}{34.37994pt}.
(fancyhdr)                You might also make \topmargin smaller to compensate:

(fancyhdr)                \addtolength{\topmargin}{-16.37994pt}.

[6]

pdfTeX warning: pdflatex.exe (file ./3-Planta_completa.pdf): PDF inclusion: fou
nd PDF version <1.7>, but at most version <1.5> allowed
<3-Planta_completa.pdf, id=50, 794.97pt x 358.73022pt>
File: 3-Planta_completa.pdf Graphic file (type pdf)
<use 3-Planta_completa.pdf>
Package pdftex.def Info: 3-Planta_completa.pdf  used on input line 515.
(pdftex.def)             Requested size: 794.96806pt x 358.72934pt.



Package fancyhdr Warning: \headheight is too small (18.0pt): 
(fancyhdr)                Make it at least 34.37994pt, for example:
(fancyhdr)                \setlength{\headheight}{34.37994pt}.
(fancyhdr)                You might also make \topmargin smaller to compensate:

(fancyhdr)                \addtolength{\topmargin}{-16.37994pt}.

[7]
<4-Subsistema_T√©rmico.pdf, id=55, 618.31pt x 362.35374pt>
File: 4-Subsistema_T√©rmico.pdf Graphic file (type pdf)
<use 4-Subsistema_T√©rmico.pdf>
Package pdftex.def Info: 4-Subsistema_T√©rmico.pdf  used on input line 524.
(pdftex.def)             Requested size: 618.30849pt x 362.35286pt.


pdfTeX warning: pdflatex.exe (file ./5-Subsistema_Electromagn√©tico.pdf): PDF i
nclusion: found PDF version <1.7>, but at most version <1.5> allowed
<5-Subsistema_Electromagn√©tico.pdf, id=56, 438.2272pt x 405.43471pt>
File: 5-Subsistema_Electromagn√©tico.pdf Graphic file (type pdf)
<use 5-Subsistema_Electromagn√©tico.pdf>
Package pdftex.def Info: 5-Subsistema_Electromagn√©tico.pdf  used on input line
 533.
(pdftex.def)             Requested size: 438.22614pt x 405.43372pt.



Package fancyhdr Warning: \headheight is too small (18.0pt): 
(fancyhdr)                Make it at least 34.37994pt, for example:
(fancyhdr)                \setlength{\headheight}{34.37994pt}.
(fancyhdr)                You might also make \topmargin smaller to compensate:

(fancyhdr)                \addtolength{\topmargin}{-16.37994pt}.

[8 <./3-Planta_completa.pdf> <./4-Subsistema_T√©rmico.pdf>]

pdfTeX warning: pdflatex.exe (file ./6-I_qs.pdf): PDF inclusion: found PDF vers
ion <1.7>, but at most version <1.5> allowed
<6-I_qs.pdf, id=73, 505.79967pt x 198.7425pt>
File: 6-I_qs.pdf Graphic file (type pdf)
<use 6-I_qs.pdf>
Package pdftex.def Info: 6-I_qs.pdf  used on input line 542.
(pdftex.def)             Requested size: 505.79843pt x 198.742pt.


pdfTeX warning: pdflatex.exe (file ./7-I_ds.pdf): PDF inclusion: found PDF vers
ion <1.7>, but at most version <1.5> allowed
<7-I_ds.pdf, id=74, 373.6359pt x 116.26436pt>
File: 7-I_ds.pdf Graphic file (type pdf)
<use 7-I_ds.pdf>
Package pdftex.def Info: 7-I_ds.pdf  used on input line 551.
(pdftex.def)             Requested size: 373.63498pt x 116.26407pt.
<8-I_0s.pdf, id=75, 336.86853pt x 113.28322pt>
File: 8-I_0s.pdf Graphic file (type pdf)
<use 8-I_0s.pdf>
Package pdftex.def Info: 8-I_0s.pdf  used on input line 560.
(pdftex.def)             Requested size: 336.8677pt x 113.28293pt.



Package fancyhdr Warning: \headheight is too small (18.0pt): 
(fancyhdr)                Make it at least 34.37994pt, for example:
(fancyhdr)                \setlength{\headheight}{34.37994pt}.
(fancyhdr)                You might also make \topmargin smaller to compensate:

(fancyhdr)                \addtolength{\topmargin}{-16.37994pt}.

[9 <./5-Subsistema_Electromagn√©tico.pdf> <./6-I_qs.pdf> <./7-I_ds.pdf>]
<9-T_m.pdf, id=92, 390.52902pt x 123.22035pt>
File: 9-T_m.pdf Graphic file (type pdf)
<use 9-T_m.pdf>
Package pdftex.def Info: 9-T_m.pdf  used on input line 569.
(pdftex.def)             Requested size: 390.52806pt x 123.22005pt.


pdfTeX warning: pdflatex.exe (file ./10-Transformaci√≥n_de_Park.pdf): PDF inclu
sion: found PDF version <1.7>, but at most version <1.5> allowed
<10-Transformaci√≥n_de_Park.pdf, id=93, 589.20125pt x 336.25626pt>
File: 10-Transformaci√≥n_de_Park.pdf Graphic file (type pdf)
<use 10-Transformaci√≥n_de_Park.pdf>
Package pdftex.def Info: 10-Transformaci√≥n_de_Park.pdf  used on input line 578
.
(pdftex.def)             Requested size: 589.1998pt x 336.25543pt.


pdfTeX warning: pdflatex.exe (file ./11-Transformaci√≥n_de_Park_Inversa.pdf): P
DF inclusion: found PDF version <1.7>, but at most version <1.5> allowed
<11-Transformaci√≥n_de_Park_Inversa.pdf, id=94, 561.09625pt x 336.25626pt>
File: 11-Transformaci√≥n_de_Park_Inversa.pdf Graphic file (type pdf)
<use 11-Transformaci√≥n_de_Park_Inversa.pdf>
Package pdftex.def Info: 11-Transformaci√≥n_de_Park_Inversa.pdf  used on input 
line 587.
(pdftex.def)             Requested size: 561.09488pt x 336.25543pt.



Package fancyhdr Warning: \headheight is too small (18.0pt): 
(fancyhdr)                Make it at least 34.37994pt, for example:
(fancyhdr)                \setlength{\headheight}{34.37994pt}.
(fancyhdr)                You might also make \topmargin smaller to compensate:

(fancyhdr)                \addtolength{\topmargin}{-16.37994pt}.

[10 <./8-I_0s.pdf> <./9-T_m.pdf> <./10-Transformaci√≥n_de_Park.pdf>]


Package fancyhdr Warning: \headheight is too small (18.0pt): 
(fancyhdr)                Make it at least 34.37994pt, for example:
(fancyhdr)                \setlength{\headheight}{34.37994pt}.
(fancyhdr)                You might also make \topmargin smaller to compensate:

(fancyhdr)                \addtolength{\topmargin}{-16.37994pt}.

[11 <./11-Transformaci√≥n_de_Park_Inversa.pdf>]


Package fancyhdr Warning: \headheight is too small (18.0pt): 
(fancyhdr)                Make it at least 34.37994pt, for example:
(fancyhdr)                \setlength{\headheight}{34.37994pt}.
(fancyhdr)                You might also make \topmargin smaller to compensate:

(fancyhdr)                \addtolength{\topmargin}{-16.37994pt}.

[12]
<12-T_m_vs_thetha_vd_Td.pdf, id=159, 426.59375pt x 370.38374pt>
File: 12-T_m_vs_thetha_vd_Td.pdf Graphic file (type pdf)
<use 12-T_m_vs_thetha_vd_Td.pdf>
Package pdftex.def Info: 12-T_m_vs_thetha_vd_Td.pdf  used on input line 846.
(pdftex.def)             Requested size: 426.5927pt x 370.38283pt.



Package fancyhdr Warning: \headheight is too small (18.0pt): 
(fancyhdr)                Make it at least 34.37994pt, for example:
(fancyhdr)                \setlength{\headheight}{34.37994pt}.
(fancyhdr)                You might also make \topmargin smaller to compensate:

(fancyhdr)                \addtolength{\topmargin}{-16.37994pt}.

[13]
<13-Circulos_de_corriente.pdf, id=164, 426.59375pt x 370.38374pt>
File: 13-Circulos_de_corriente.pdf Graphic file (type pdf)
<use 13-Circulos_de_corriente.pdf>
Package pdftex.def Info: 13-Circulos_de_corriente.pdf  used on input line 872.
(pdftex.def)             Requested size: 426.5927pt x 370.38283pt.
<14-T_m_vs_corriente_vs_beta.pdf, id=165, 426.59375pt x 370.38374pt>
File: 14-T_m_vs_corriente_vs_beta.pdf Graphic file (type pdf)
<use 14-T_m_vs_corriente_vs_beta.pdf>
Package pdftex.def Info: 14-T_m_vs_corriente_vs_beta.pdf  used on input line 88
1.
(pdftex.def)             Requested size: 426.5927pt x 370.38283pt.



Package fancyhdr Warning: \headheight is too small (18.0pt): 
(fancyhdr)                Make it at least 34.37994pt, for example:
(fancyhdr)                \setlength{\headheight}{34.37994pt}.
(fancyhdr)                You might also make \topmargin smaller to compensate:

(fancyhdr)                \addtolength{\topmargin}{-16.37994pt}.

[14 <./12-T_m_vs_thetha_vd_Td.pdf> <./13-Circulos_de_corriente.pdf>]
<15-Temperatura_vs_corriente.pdf, id=194, 426.59375pt x 370.38374pt>
File: 15-Temperatura_vs_corriente.pdf Graphic file (type pdf)
<use 15-Temperatura_vs_corriente.pdf>
Package pdftex.def Info: 15-Temperatura_vs_corriente.pdf  used on input line 90
0.
(pdftex.def)             Requested size: 426.5927pt x 370.38283pt.



Package fancyhdr Warning: \headheight is too small (18.0pt): 
(fancyhdr)                Make it at least 34.37994pt, for example:
(fancyhdr)                \setlength{\headheight}{34.37994pt}.
(fancyhdr)                You might also make \topmargin smaller to compensate:

(fancyhdr)                \addtolength{\topmargin}{-16.37994pt}.

[15 <./14-T_m_vs_corriente_vs_beta.pdf> <./15-Temperatura_vs_corriente.pdf>]
Overfull \hbox (20.4108pt too wide) in paragraph at lines 967--974
 \T1/ptm/m/it/10 IV-A.2.c. \T1/ptm/b/it/10 Li-nea-li-za-ciÛn Por Re-ali-men-ta-
ciÛn No Li-neal\T1/ptm/m/it/10 : [][] \T1/ptm/m/n/10 Da-do que la di-n·-mi-ca d
el sub-sistema tÈr-mi-co es com-pa-ra-ti-va-men-te
 []




Package fancyhdr Warning: \headheight is too small (18.0pt): 
(fancyhdr)                Make it at least 34.37994pt, for example:
(fancyhdr)                \setlength{\headheight}{34.37994pt}.
(fancyhdr)                You might also make \topmargin smaller to compensate:

(fancyhdr)                \addtolength{\topmargin}{-16.37994pt}.

[16]
<16-Diagrama_de_bloques_LTI_equivalente_aumentado.pdf, id=246, 783.04544pt x 31
6.99428pt>
File: 16-Diagrama_de_bloques_LTI_equivalente_aumentado.pdf Graphic file (type p
df)
<use 16-Diagrama_de_bloques_LTI_equivalente_aumentado.pdf>
Package pdftex.def Info: 16-Diagrama_de_bloques_LTI_equivalente_aumentado.pdf  
used on input line 1062.
(pdftex.def)             Requested size: 783.04352pt x 316.9935pt.
<17-Diagrama_de_bloques_LTI_equivalente_aumentado_i0s_ids.pdf, id=247, 370.6547
5pt x 212.65448pt>
File: 17-Diagrama_de_bloques_LTI_equivalente_aumentado_i0s_ids.pdf Graphic file
 (type pdf)
<use 17-Diagrama_de_bloques_LTI_equivalente_aumentado_i0s_ids.pdf>
Package pdftex.def Info: 17-Diagrama_de_bloques_LTI_equivalente_aumentado_i0s_i
ds.pdf  used on input line 1071.
(pdftex.def)             Requested size: 370.65384pt x 212.65395pt.



Package fancyhdr Warning: \headheight is too small (18.0pt): 
(fancyhdr)                Make it at least 34.37994pt, for example:
(fancyhdr)                \setlength{\headheight}{34.37994pt}.
(fancyhdr)                You might also make \topmargin smaller to compensate:

(fancyhdr)                \addtolength{\topmargin}{-16.37994pt}.

[17 <./16-Diagrama_de_bloques_LTI_equivalente_aumentado.pdf> <./17-Diagrama_de_
bloques_LTI_equivalente_aumentado_i0s_ids.pdf>]

pdfTeX warning: pdflatex.exe (file ./18-Ley_de_control_minima.pdf): PDF inclusi
on: found PDF version <1.7>, but at most version <1.5> allowed
<18-Ley_de_control_minima.pdf, id=273, 794.97pt x 510.7682pt>
File: 18-Ley_de_control_minima.pdf Graphic file (type pdf)
<use 18-Ley_de_control_minima.pdf>
Package pdftex.def Info: 18-Ley_de_control_minima.pdf  used on input line 1092.

(pdftex.def)             Requested size: 794.96806pt x 510.76695pt.



Package fancyhdr Warning: \headheight is too small (18.0pt): 
(fancyhdr)                Make it at least 34.37994pt, for example:
(fancyhdr)                \setlength{\headheight}{34.37994pt}.
(fancyhdr)                You might also make \topmargin smaller to compensate:

(fancyhdr)                \addtolength{\topmargin}{-16.37994pt}.

[18 <./18-Ley_de_control_minima.pdf>]

pdfTeX warning: pdflatex.exe (file ./19-Ley_de_control_complementaria.pdf): PDF
 inclusion: found PDF version <1.7>, but at most version <1.5> allowed
<19-Ley_de_control_complementaria.pdf, id=282, 794.97pt x 458.10147pt>
File: 19-Ley_de_control_complementaria.pdf Graphic file (type pdf)
<use 19-Ley_de_control_complementaria.pdf>
Package pdftex.def Info: 19-Ley_de_control_complementaria.pdf  used on input li
ne 1147.
(pdftex.def)             Requested size: 794.96806pt x 458.10036pt.
<20-Diagrama_de_bloques_LTI_equivalente_aumentado_dinamica_residual.pdf, id=283
, 776.08946pt x 345.81194pt>
File: 20-Diagrama_de_bloques_LTI_equivalente_aumentado_dinamica_residual.pdf Gr
aphic file (type pdf)
<use 20-Diagrama_de_bloques_LTI_equivalente_aumentado_dinamica_residual.pdf>
Package pdftex.def Info: 20-Diagrama_de_bloques_LTI_equivalente_aumentado_dinam
ica_residual.pdf  used on input line 1156.
(pdftex.def)             Requested size: 776.08757pt x 345.8111pt.



Package fancyhdr Warning: \headheight is too small (18.0pt): 
(fancyhdr)                Make it at least 34.37994pt, for example:
(fancyhdr)                \setlength{\headheight}{34.37994pt}.
(fancyhdr)                You might also make \topmargin smaller to compensate:

(fancyhdr)                \addtolength{\topmargin}{-16.37994pt}.

[19 <./19-Ley_de_control_complementaria.pdf>]
<21-LPV_diagrama_de_bloques.pdf, id=293, 781.05804pt x 301.0949pt>
File: 21-LPV_diagrama_de_bloques.pdf Graphic file (type pdf)
<use 21-LPV_diagrama_de_bloques.pdf>
Package pdftex.def Info: 21-LPV_diagrama_de_bloques.pdf  used on input line 117
1.
(pdftex.def)             Requested size: 781.05614pt x 301.09415pt.
<22-LTI_vs_LPV_diagrama_de_bloques.pdf, id=294, 780.06433pt x 364.69247pt>
File: 22-LTI_vs_LPV_diagrama_de_bloques.pdf Graphic file (type pdf)
<use 22-LTI_vs_LPV_diagrama_de_bloques.pdf>
Package pdftex.def Info: 22-LTI_vs_LPV_diagrama_de_bloques.pdf  used on input l
ine 1180.
(pdftex.def)             Requested size: 780.06242pt x 364.69157pt.



Package fancyhdr Warning: \headheight is too small (18.0pt): 
(fancyhdr)                Make it at least 34.37994pt, for example:
(fancyhdr)                \setlength{\headheight}{34.37994pt}.
(fancyhdr)                You might also make \topmargin smaller to compensate:

(fancyhdr)                \addtolength{\topmargin}{-16.37994pt}.

[20 <./20-Diagrama_de_bloques_LTI_equivalente_aumentado_dinamica_residual.pdf> 
<./21-LPV_diagrama_de_bloques.pdf>]
LaTeX Font Info:    Trying to load font information for TS1+ptm on input line 1
213.

(D:\Programas\LaTEX\tex/latex/psnfss\ts1ptm.fd
File: ts1ptm.fd 2001/06/04 font definitions for TS1/ptm.
)
<23-LTI_vs_LPV_simulacion_2.pdf, id=321, 1023.825pt x 497.86pt>
File: 23-LTI_vs_LPV_simulacion_2.pdf Graphic file (type pdf)
<use 23-LTI_vs_LPV_simulacion_2.pdf>
Package pdftex.def Info: 23-LTI_vs_LPV_simulacion_2.pdf  used on input line 122
7.
(pdftex.def)             Requested size: 1023.8225pt x 497.85878pt.



Package fancyhdr Warning: \headheight is too small (18.0pt): 
(fancyhdr)                Make it at least 34.37994pt, for example:
(fancyhdr)                \setlength{\headheight}{34.37994pt}.
(fancyhdr)                You might also make \topmargin smaller to compensate:

(fancyhdr)                \addtolength{\topmargin}{-16.37994pt}.

[21 <./22-LTI_vs_LPV_diagrama_de_bloques.pdf>]
<24-LTI_vs_LPV_simulacion_2_entradas.pdf, id=339, 440.64626pt x 455.7025pt>
File: 24-LTI_vs_LPV_simulacion_2_entradas.pdf Graphic file (type pdf)
<use 24-LTI_vs_LPV_simulacion_2_entradas.pdf>
Package pdftex.def Info: 24-LTI_vs_LPV_simulacion_2_entradas.pdf  used on input
 line 1236.
(pdftex.def)             Requested size: 440.64517pt x 455.70137pt.
<25-LTI_vs_LPV_simulacion_3.pdf, id=340, 1023.825pt x 497.86pt>
File: 25-LTI_vs_LPV_simulacion_3.pdf Graphic file (type pdf)
<use 25-LTI_vs_LPV_simulacion_3.pdf>
Package pdftex.def Info: 25-LTI_vs_LPV_simulacion_3.pdf  used on input line 124
5.
(pdftex.def)             Requested size: 1023.8225pt x 497.85878pt.



Package fancyhdr Warning: \headheight is too small (18.0pt): 
(fancyhdr)                Make it at least 34.37994pt, for example:
(fancyhdr)                \setlength{\headheight}{34.37994pt}.
(fancyhdr)                You might also make \topmargin smaller to compensate:

(fancyhdr)                \addtolength{\topmargin}{-16.37994pt}.

[22 <./23-LTI_vs_LPV_simulacion_2.pdf> <./24-LTI_vs_LPV_simulacion_2_entradas.p
df>]
<26-LTI_vs_LPV_simulacion_3_entradas.pdf, id=469, 370.38374pt x 412.54124pt>
File: 26-LTI_vs_LPV_simulacion_3_entradas.pdf Graphic file (type pdf)
<use 26-LTI_vs_LPV_simulacion_3_entradas.pdf>
Package pdftex.def Info: 26-LTI_vs_LPV_simulacion_3_entradas.pdf  used on input
 line 1254.
(pdftex.def)             Requested size: 370.38283pt x 412.54024pt.
<27-LTI_vs_LPV_simulacion_3_1.pdf, id=470, 1023.825pt x 497.86pt>
File: 27-LTI_vs_LPV_simulacion_3_1.pdf Graphic file (type pdf)
<use 27-LTI_vs_LPV_simulacion_3_1.pdf>
Package pdftex.def Info: 27-LTI_vs_LPV_simulacion_3_1.pdf  used on input line 1
264.
(pdftex.def)             Requested size: 1023.8225pt x 497.85878pt.



Package fancyhdr Warning: \headheight is too small (18.0pt): 
(fancyhdr)                Make it at least 34.37994pt, for example:
(fancyhdr)                \setlength{\headheight}{34.37994pt}.
(fancyhdr)                You might also make \topmargin smaller to compensate:

(fancyhdr)                \addtolength{\topmargin}{-16.37994pt}.

[23 <./25-LTI_vs_LPV_simulacion_3.pdf> <./26-LTI_vs_LPV_simulacion_3_entradas.p
df>]
<28-LTI_vs_LPV_simulacion_3_1_entradas.pdf, id=586, 398.48875pt x 443.6575pt>
File: 28-LTI_vs_LPV_simulacion_3_1_entradas.pdf Graphic file (type pdf)
<use 28-LTI_vs_LPV_simulacion_3_1_entradas.pdf>
Package pdftex.def Info: 28-LTI_vs_LPV_simulacion_3_1_entradas.pdf  used on inp
ut line 1273.
(pdftex.def)             Requested size: 398.48778pt x 443.6564pt.
<29-LTI_vs_LPV_simulacion_4_1.pdf, id=587, 1023.825pt x 497.86pt>
File: 29-LTI_vs_LPV_simulacion_4_1.pdf Graphic file (type pdf)
<use 29-LTI_vs_LPV_simulacion_4_1.pdf>
Package pdftex.def Info: 29-LTI_vs_LPV_simulacion_4_1.pdf  used on input line 1
287.
(pdftex.def)             Requested size: 1023.8225pt x 497.85878pt.



Package fancyhdr Warning: \headheight is too small (18.0pt): 
(fancyhdr)                Make it at least 34.37994pt, for example:
(fancyhdr)                \setlength{\headheight}{34.37994pt}.
(fancyhdr)                You might also make \topmargin smaller to compensate:

(fancyhdr)                \addtolength{\topmargin}{-16.37994pt}.

[24 <./27-LTI_vs_LPV_simulacion_3_1.pdf> <./28-LTI_vs_LPV_simulacion_3_1_entrad
as.pdf>]
<30-LTI_vs_LPV_simulacion_4_1_entradas.pdf, id=718, 355.3275pt x 213.79875pt>
File: 30-LTI_vs_LPV_simulacion_4_1_entradas.pdf Graphic file (type pdf)
<use 30-LTI_vs_LPV_simulacion_4_1_entradas.pdf>
Package pdftex.def Info: 30-LTI_vs_LPV_simulacion_4_1_entradas.pdf  used on inp
ut line 1296.
(pdftex.def)             Requested size: 355.32661pt x 213.79822pt.
<31-LTI_vs_LPV_simulacion_4_2.pdf, id=719, 1023.825pt x 497.86pt>
File: 31-LTI_vs_LPV_simulacion_4_2.pdf Graphic file (type pdf)
<use 31-LTI_vs_LPV_simulacion_4_2.pdf>
Package pdftex.def Info: 31-LTI_vs_LPV_simulacion_4_2.pdf  used on input line 1
305.
(pdftex.def)             Requested size: 1023.8225pt x 497.85878pt.



Package fancyhdr Warning: \headheight is too small (18.0pt): 
(fancyhdr)                Make it at least 34.37994pt, for example:
(fancyhdr)                \setlength{\headheight}{34.37994pt}.
(fancyhdr)                You might also make \topmargin smaller to compensate:

(fancyhdr)                \addtolength{\topmargin}{-16.37994pt}.

[25 <./29-LTI_vs_LPV_simulacion_4_1.pdf> <./30-LTI_vs_LPV_simulacion_4_1_entrad
as.pdf>]
<32-LTI_vs_LPV_simulacion_4_2_entradas.pdf, id=816, 398.48875pt x 255.95625pt>
File: 32-LTI_vs_LPV_simulacion_4_2_entradas.pdf Graphic file (type pdf)
<use 32-LTI_vs_LPV_simulacion_4_2_entradas.pdf>
Package pdftex.def Info: 32-LTI_vs_LPV_simulacion_4_2_entradas.pdf  used on inp
ut line 1314.
(pdftex.def)             Requested size: 398.48778pt x 255.95561pt.

Overfull \hbox (2.65404pt too wide) in paragraph at lines 1320--1325
[]\T1/ptm/m/n/10 Se pue-de ob-ser-var que los mo-de-los tie-nen un com-por-ta-m
ien-to si-mi-lar en es-ta-do per-ma-nen-te a˙n cuan-do exis-te de-bi-li-ta-mien
-to
 []




Package fancyhdr Warning: \headheight is too small (18.0pt): 
(fancyhdr)                Make it at least 34.37994pt, for example:
(fancyhdr)                \setlength{\headheight}{34.37994pt}.
(fancyhdr)                You might also make \topmargin smaller to compensate:

(fancyhdr)                \addtolength{\topmargin}{-16.37994pt}.

[26 <./31-LTI_vs_LPV_simulacion_4_2.pdf> <./32-LTI_vs_LPV_simulacion_4_2_entrad
as.pdf>]


Package fancyhdr Warning: \headheight is too small (18.0pt): 
(fancyhdr)                Make it at least 34.37994pt, for example:
(fancyhdr)                \setlength{\headheight}{34.37994pt}.
(fancyhdr)                You might also make \topmargin smaller to compensate:

(fancyhdr)                \addtolength{\topmargin}{-16.37994pt}.

[27]
<33-Mapa_de_polos.pdf, id=914, 626.34pt x 483.8075pt>
File: 33-Mapa_de_polos.pdf Graphic file (type pdf)
<use 33-Mapa_de_polos.pdf>
Package pdftex.def Info: 33-Mapa_de_polos.pdf  used on input line 1418.
(pdftex.def)             Requested size: 626.33846pt x 483.80632pt.
<34-Mapa_de_polos_complejos_migracion.pdf, id=915, 882.29625pt x 483.8075pt>
File: 34-Mapa_de_polos_complejos_migracion.pdf Graphic file (type pdf)
<use 34-Mapa_de_polos_complejos_migracion.pdf>
Package pdftex.def Info: 34-Mapa_de_polos_complejos_migracion.pdf  used on inpu
t line 1427.
(pdftex.def)             Requested size: 882.2941pt x 483.80632pt.



Package fancyhdr Warning: \headheight is too small (18.0pt): 
(fancyhdr)                Make it at least 34.37994pt, for example:
(fancyhdr)                \setlength{\headheight}{34.37994pt}.
(fancyhdr)                You might also make \topmargin smaller to compensate:

(fancyhdr)                \addtolength{\topmargin}{-16.37994pt}.

[28 <./33-Mapa_de_polos.pdf>]
<35-Frecuencia_natural_migracion.pdf, id=935, 868.24374pt x 483.8075pt>
File: 35-Frecuencia_natural_migracion.pdf Graphic file (type pdf)
<use 35-Frecuencia_natural_migracion.pdf>
Package pdftex.def Info: 35-Frecuencia_natural_migracion.pdf  used on input lin
e 1444.
(pdftex.def)             Requested size: 868.24162pt x 483.80632pt.
<36-Zita_migracion.pdf, id=936, 868.24374pt x 469.755pt>
File: 36-Zita_migracion.pdf Graphic file (type pdf)
<use 36-Zita_migracion.pdf>
Package pdftex.def Info: 36-Zita_migracion.pdf  used on input line 1453.
(pdftex.def)             Requested size: 868.24162pt x 469.75386pt.



Package fancyhdr Warning: \headheight is too small (18.0pt): 
(fancyhdr)                Make it at least 34.37994pt, for example:
(fancyhdr)                \setlength{\headheight}{34.37994pt}.
(fancyhdr)                You might also make \topmargin smaller to compensate:

(fancyhdr)                \addtolength{\topmargin}{-16.37994pt}.

[29 <./34-Mapa_de_polos_complejos_migracion.pdf> <./35-Frecuencia_natural_migra
cion.pdf>]
<37-Dinamica_de_los_ceros_1.pdf, id=979, 1081.03876pt x 511.9125pt>
File: 37-Dinamica_de_los_ceros_1.pdf Graphic file (type pdf)
<use 37-Dinamica_de_los_ceros_1.pdf>
Package pdftex.def Info: 37-Dinamica_de_los_ceros_1.pdf  used on input line 150
8.
(pdftex.def)             Requested size: 1081.03612pt x 511.91125pt.



Package fancyhdr Warning: \headheight is too small (18.0pt): 
(fancyhdr)                Make it at least 34.37994pt, for example:
(fancyhdr)                \setlength{\headheight}{34.37994pt}.
(fancyhdr)                You might also make \topmargin smaller to compensate:

(fancyhdr)                \addtolength{\topmargin}{-16.37994pt}.

[30 <./36-Zita_migracion.pdf>]
<38-Dinamica_de_los_ceros_2.pdf, id=1003, 1052.93375pt x 511.9125pt>
File: 38-Dinamica_de_los_ceros_2.pdf Graphic file (type pdf)
<use 38-Dinamica_de_los_ceros_2.pdf>
Package pdftex.def Info: 38-Dinamica_de_los_ceros_2.pdf  used on input line 151
7.
(pdftex.def)             Requested size: 1052.93118pt x 511.91125pt.



Package fancyhdr Warning: \headheight is too small (18.0pt): 
(fancyhdr)                Make it at least 34.37994pt, for example:
(fancyhdr)                \setlength{\headheight}{34.37994pt}.
(fancyhdr)                You might also make \topmargin smaller to compensate:

(fancyhdr)                \addtolength{\topmargin}{-16.37994pt}.

[31 <./37-Dinamica_de_los_ceros_1.pdf> <./38-Dinamica_de_los_ceros_2.pdf>]


Package fancyhdr Warning: \headheight is too small (18.0pt): 
(fancyhdr)                Make it at least 34.37994pt, for example:
(fancyhdr)                \setlength{\headheight}{34.37994pt}.
(fancyhdr)                You might also make \topmargin smaller to compensate:

(fancyhdr)                \addtolength{\topmargin}{-16.37994pt}.

[32]
<39-Consignas_simulacion_5_1_6.pdf, id=1053, 597.23125pt x 313.17pt>
File: 39-Consignas_simulacion_5_1_6.pdf Graphic file (type pdf)
<use 39-Consignas_simulacion_5_1_6.pdf>
Package pdftex.def Info: 39-Consignas_simulacion_5_1_6.pdf  used on input line 
1637.
(pdftex.def)             Requested size: 597.22978pt x 313.16922pt.
<40-Posiciones_simulacion_5_1_6.pdf, id=1054, 597.23125pt x 313.17pt>
File: 40-Posiciones_simulacion_5_1_6.pdf Graphic file (type pdf)
<use 40-Posiciones_simulacion_5_1_6.pdf>
Package pdftex.def Info: 40-Posiciones_simulacion_5_1_6.pdf  used on input line
 1647.
(pdftex.def)             Requested size: 597.22978pt x 313.16922pt.
<42-5-Error_posicion_LTI_vs_NL.png, id=1055, 654.0435pt x 477.58424pt>
File: 42-5-Error_posicion_LTI_vs_NL.png Graphic file (type png)
<use 42-5-Error_posicion_LTI_vs_NL.png>
Package pdftex.def Info: 42-5-Error_posicion_LTI_vs_NL.png  used on input line 
1655.
(pdftex.def)             Requested size: 505.89pt x 175.30655pt.



Package fancyhdr Warning: \headheight is too small (18.0pt): 
(fancyhdr)                Make it at least 34.37994pt, for example:
(fancyhdr)                \setlength{\headheight}{34.37994pt}.
(fancyhdr)                You might also make \topmargin smaller to compensate:

(fancyhdr)                \addtolength{\topmargin}{-16.37994pt}.

[33 <./39-Consignas_simulacion_5_1_6.pdf>]
<41-Velocidades_simulacion_5_1_6.pdf, id=1092, 597.23125pt x 313.17pt>
File: 41-Velocidades_simulacion_5_1_6.pdf Graphic file (type pdf)
<use 41-Velocidades_simulacion_5_1_6.pdf>
Package pdftex.def Info: 41-Velocidades_simulacion_5_1_6.pdf  used on input lin
e 1663.
(pdftex.def)             Requested size: 597.22978pt x 313.16922pt.
<42-Temperatura_simulacion_5_1_6.pdf, id=1093, 597.23125pt x 313.17pt>
File: 42-Temperatura_simulacion_5_1_6.pdf Graphic file (type pdf)
<use 42-Temperatura_simulacion_5_1_6.pdf>
Package pdftex.def Info: 42-Temperatura_simulacion_5_1_6.pdf  used on input lin
e 1671.
(pdftex.def)             Requested size: 597.22978pt x 313.16922pt.



Package fancyhdr Warning: \headheight is too small (18.0pt): 
(fancyhdr)                Make it at least 34.37994pt, for example:
(fancyhdr)                \setlength{\headheight}{34.37994pt}.
(fancyhdr)                You might also make \topmargin smaller to compensate:

(fancyhdr)                \addtolength{\topmargin}{-16.37994pt}.

[34 <./40-Posiciones_simulacion_5_1_6.pdf> <./42-5-Error_posicion_LTI_vs_NL.png
>]
<43-Tensiones_abc_simulacion_5_1_6.pdf, id=1118, 597.23125pt x 569.12625pt>
File: 43-Tensiones_abc_simulacion_5_1_6.pdf Graphic file (type pdf)
<use 43-Tensiones_abc_simulacion_5_1_6.pdf>
Package pdftex.def Info: 43-Tensiones_abc_simulacion_5_1_6.pdf  used on input l
ine 1681.
(pdftex.def)             Requested size: 597.22978pt x 569.12486pt.



Package fancyhdr Warning: \headheight is too small (18.0pt): 
(fancyhdr)                Make it at least 34.37994pt, for example:
(fancyhdr)                \setlength{\headheight}{34.37994pt}.
(fancyhdr)                You might also make \topmargin smaller to compensate:

(fancyhdr)                \addtolength{\topmargin}{-16.37994pt}.

[35 <./41-Velocidades_simulacion_5_1_6.pdf> <./42-Temperatura_simulacion_5_1_6.
pdf>]
<44-Tensiones_qd0_simulacion_5_1_6.pdf, id=1170, 597.23125pt x 569.12625pt>
File: 44-Tensiones_qd0_simulacion_5_1_6.pdf Graphic file (type pdf)
<use 44-Tensiones_qd0_simulacion_5_1_6.pdf>
Package pdftex.def Info: 44-Tensiones_qd0_simulacion_5_1_6.pdf  used on input l
ine 1690.
(pdftex.def)             Requested size: 597.22978pt x 569.12486pt.



Package fancyhdr Warning: \headheight is too small (18.0pt): 
(fancyhdr)                Make it at least 34.37994pt, for example:
(fancyhdr)                \setlength{\headheight}{34.37994pt}.
(fancyhdr)                You might also make \topmargin smaller to compensate:

(fancyhdr)                \addtolength{\topmargin}{-16.37994pt}.

[36 <./43-Tensiones_abc_simulacion_5_1_6.pdf>]
<45-Corrientes_abc_simulacion_5_1_6.pdf, id=1212, 597.23125pt x 569.12625pt>
File: 45-Corrientes_abc_simulacion_5_1_6.pdf Graphic file (type pdf)
<use 45-Corrientes_abc_simulacion_5_1_6.pdf>
Package pdftex.def Info: 45-Corrientes_abc_simulacion_5_1_6.pdf  used on input 
line 1699.
(pdftex.def)             Requested size: 597.22978pt x 569.12486pt.



Package fancyhdr Warning: \headheight is too small (18.0pt): 
(fancyhdr)                Make it at least 34.37994pt, for example:
(fancyhdr)                \setlength{\headheight}{34.37994pt}.
(fancyhdr)                You might also make \topmargin smaller to compensate:

(fancyhdr)                \addtolength{\topmargin}{-16.37994pt}.

[37 <./44-Tensiones_qd0_simulacion_5_1_6.pdf>]
<46-Corrientes_qd0_simulacion_5_1_6.pdf, id=1260, 597.23125pt x 569.12625pt>
File: 46-Corrientes_qd0_simulacion_5_1_6.pdf Graphic file (type pdf)
<use 46-Corrientes_qd0_simulacion_5_1_6.pdf>
Package pdftex.def Info: 46-Corrientes_qd0_simulacion_5_1_6.pdf  used on input 
line 1708.
(pdftex.def)             Requested size: 597.22978pt x 569.12486pt.



Package fancyhdr Warning: \headheight is too small (18.0pt): 
(fancyhdr)                Make it at least 34.37994pt, for example:
(fancyhdr)                \setlength{\headheight}{34.37994pt}.
(fancyhdr)                You might also make \topmargin smaller to compensate:

(fancyhdr)                \addtolength{\topmargin}{-16.37994pt}.

[38 <./45-Corrientes_abc_simulacion_5_1_6.pdf>]
<47-tm_vs_vel.png, id=1314, 1445.4pt x 697.10437pt>
File: 47-tm_vs_vel.png Graphic file (type png)
<use 47-tm_vs_vel.png>
Package pdftex.def Info: 47-tm_vs_vel.png  used on input line 1720.
(pdftex.def)             Requested size: 1445.39648pt x 697.10266pt.
<48-Tm_vs_vel_m_simulacion_5_1_6.pdf, id=1315, 597.23125pt x 313.17pt>
File: 48-Tm_vs_vel_m_simulacion_5_1_6.pdf Graphic file (type pdf)
<use 48-Tm_vs_vel_m_simulacion_5_1_6.pdf>
Package pdftex.def Info: 48-Tm_vs_vel_m_simulacion_5_1_6.pdf  used on input lin
e 1728.
(pdftex.def)             Requested size: 597.22978pt x 313.16922pt.



Package fancyhdr Warning: \headheight is too small (18.0pt): 
(fancyhdr)                Make it at least 34.37994pt, for example:
(fancyhdr)                \setlength{\headheight}{34.37994pt}.
(fancyhdr)                You might also make \topmargin smaller to compensate:

(fancyhdr)                \addtolength{\topmargin}{-16.37994pt}.

[39 <./46-Corrientes_qd0_simulacion_5_1_6.pdf>]


Package fancyhdr Warning: \headheight is too small (18.0pt): 
(fancyhdr)                Make it at least 34.37994pt, for example:
(fancyhdr)                \setlength{\headheight}{34.37994pt}.
(fancyhdr)                You might also make \topmargin smaller to compensate:

(fancyhdr)                \addtolength{\topmargin}{-16.37994pt}.

[40 <./47-tm_vs_vel.png (PNG copy)> <./48-Tm_vs_vel_m_simulacion_5_1_6.pdf>]
<49-Corriente_ids_5_simulacion_5_1_6.pdf, id=1404, 597.23125pt x 313.17pt>
File: 49-Corriente_ids_5_simulacion_5_1_6.pdf Graphic file (type pdf)
<use 49-Corriente_ids_5_simulacion_5_1_6.pdf>
Package pdftex.def Info: 49-Corriente_ids_5_simulacion_5_1_6.pdf  used on input
 line 1772.
(pdftex.def)             Requested size: 597.22978pt x 313.16922pt.
<50-Corriente_ids_-5_simulacion_5_1_6.pdf, id=1405, 597.23125pt x 313.17pt>
File: 50-Corriente_ids_-5_simulacion_5_1_6.pdf Graphic file (type pdf)
<use 50-Corriente_ids_-5_simulacion_5_1_6.pdf>
Package pdftex.def Info: 50-Corriente_ids_-5_simulacion_5_1_6.pdf  used on inpu
t line 1781.
(pdftex.def)             Requested size: 597.22978pt x 313.16922pt.



Package fancyhdr Warning: \headheight is too small (18.0pt): 
(fancyhdr)                Make it at least 34.37994pt, for example:
(fancyhdr)                \setlength{\headheight}{34.37994pt}.
(fancyhdr)                You might also make \topmargin smaller to compensate:

(fancyhdr)                \addtolength{\topmargin}{-16.37994pt}.

[41 <./49-Corriente_ids_5_simulacion_5_1_6.pdf>]
<51-Velocidad_deb_ref_campo_simulacion_5_1_6.pdf, id=1440, 597.23125pt x 313.17
pt>
File: 51-Velocidad_deb_ref_campo_simulacion_5_1_6.pdf Graphic file (type pdf)
<use 51-Velocidad_deb_ref_campo_simulacion_5_1_6.pdf>
Package pdftex.def Info: 51-Velocidad_deb_ref_campo_simulacion_5_1_6.pdf  used 
on input line 1794.
(pdftex.def)             Requested size: 597.22978pt x 313.16922pt.
<52-Torque_deb_ref_campo_simulacion_5_1_6.pdf, id=1441, 597.23125pt x 313.17pt>

File: 52-Torque_deb_ref_campo_simulacion_5_1_6.pdf Graphic file (type pdf)
<use 52-Torque_deb_ref_campo_simulacion_5_1_6.pdf>
Package pdftex.def Info: 52-Torque_deb_ref_campo_simulacion_5_1_6.pdf  used on 
input line 1803.
(pdftex.def)             Requested size: 597.22978pt x 313.16922pt.



Package fancyhdr Warning: \headheight is too small (18.0pt): 
(fancyhdr)                Make it at least 34.37994pt, for example:
(fancyhdr)                \setlength{\headheight}{34.37994pt}.
(fancyhdr)                You might also make \topmargin smaller to compensate:

(fancyhdr)                \addtolength{\topmargin}{-16.37994pt}.

[42 <./50-Corriente_ids_-5_simulacion_5_1_6.pdf> <./51-Velocidad_deb_ref_campo_
simulacion_5_1_6.pdf>]
Overfull \hbox (25.63388pt too wide) in paragraph at lines 1810--1810
 \T1/ptm/m/it/10 IV-B. \T1/ptm/b/it/10 Mo-de-la-do, An·-li-sis y Si-mu-la-ciÛn 
con con-tro-la-dor de mo-vi-mien-to en cas-ca-da con mo-du-la-dor de tor-que eq
ui-va-len-te(control
 []




Package fancyhdr Warning: \headheight is too small (18.0pt): 
(fancyhdr)                Make it at least 34.37994pt, for example:
(fancyhdr)                \setlength{\headheight}{34.37994pt}.
(fancyhdr)                You might also make \topmargin smaller to compensate:

(fancyhdr)                \addtolength{\topmargin}{-16.37994pt}.

[43 <./52-Torque_deb_ref_campo_simulacion_5_1_6.pdf>]


Package fancyhdr Warning: \headheight is too small (18.0pt): 
(fancyhdr)                Make it at least 34.37994pt, for example:
(fancyhdr)                \setlength{\headheight}{34.37994pt}.
(fancyhdr)                You might also make \topmargin smaller to compensate:

(fancyhdr)                \addtolength{\topmargin}{-16.37994pt}.

[44]


Package fancyhdr Warning: \headheight is too small (18.0pt): 
(fancyhdr)                Make it at least 34.37994pt, for example:
(fancyhdr)                \setlength{\headheight}{34.37994pt}.
(fancyhdr)                You might also make \topmargin smaller to compensate:

(fancyhdr)                \addtolength{\topmargin}{-16.37994pt}.

[45]
<53-mapa_polos_ceros_controlador_vs_planta.pdf, id=1522, 796.9775pt x 455.7025p
t>
File: 53-mapa_polos_ceros_controlador_vs_planta.pdf Graphic file (type pdf)
<use 53-mapa_polos_ceros_controlador_vs_planta.pdf>
Package pdftex.def Info: 53-mapa_polos_ceros_controlador_vs_planta.pdf  used on
 input line 1986.
(pdftex.def)             Requested size: 796.97554pt x 455.70137pt.



Package fancyhdr Warning: \headheight is too small (18.0pt): 
(fancyhdr)                Make it at least 34.37994pt, for example:
(fancyhdr)                \setlength{\headheight}{34.37994pt}.
(fancyhdr)                You might also make \topmargin smaller to compensate:

(fancyhdr)                \addtolength{\topmargin}{-16.37994pt}.

[46 <./53-mapa_polos_ceros_controlador_vs_planta.pdf>]

pdfTeX warning: pdflatex.exe (file ./54-Observador.pdf): PDF inclusion: found P
DF version <1.7>, but at most version <1.5> allowed
<54-Observador.pdf, id=1548, 794.97pt x 301.0949pt>
File: 54-Observador.pdf Graphic file (type pdf)
<use 54-Observador.pdf>
Package pdftex.def Info: 54-Observador.pdf  used on input line 2097.
(pdftex.def)             Requested size: 794.96806pt x 301.09415pt.


pdfTeX warning: pdflatex.exe (file ./55-Controlador_completo.pdf): PDF inclusio
n: found PDF version <1.7>, but at most version <1.5> allowed
<55-Controlador_completo.pdf, id=1549, 794.97pt x 397.485pt>
File: 55-Controlador_completo.pdf Graphic file (type pdf)
<use 55-Controlador_completo.pdf>
Package pdftex.def Info: 55-Controlador_completo.pdf  used on input line 2108.
(pdftex.def)             Requested size: 794.96806pt x 397.48402pt.



Package fancyhdr Warning: \headheight is too small (18.0pt): 
(fancyhdr)                Make it at least 34.37994pt, for example:
(fancyhdr)                \setlength{\headheight}{34.37994pt}.
(fancyhdr)                You might also make \topmargin smaller to compensate:

(fancyhdr)                \addtolength{\topmargin}{-16.37994pt}.

[47 <./54-Observador.pdf>]
<56-grafica_posicion_vs_posicionconsigna.png, id=1556, 654.19406pt x 602.25pt>
File: 56-grafica_posicion_vs_posicionconsigna.png Graphic file (type png)
<use 56-grafica_posicion_vs_posicionconsigna.png>
Package pdftex.def Info: 56-grafica_posicion_vs_posicionconsigna.png  used on i
nput line 2133.
(pdftex.def)             Requested size: 654.19246pt x 602.24852pt.
<57-grafica_error _posicion_vs_posicionconsigna.png, id=1557, 654.19406pt x 559
.33969pt>
File: 57-grafica_error _posicion_vs_posicionconsigna.png Graphic file (type png
)
<use 57-grafica_error _posicion_vs_posicionconsigna.png>
Package pdftex.def Info: 57-grafica_error _posicion_vs_posicionconsigna.png  us
ed on input line 2141.
(pdftex.def)             Requested size: 654.19246pt x 559.33832pt.



Package fancyhdr Warning: \headheight is too small (18.0pt): 
(fancyhdr)                Make it at least 34.37994pt, for example:
(fancyhdr)                \setlength{\headheight}{34.37994pt}.
(fancyhdr)                You might also make \topmargin smaller to compensate:

(fancyhdr)                \addtolength{\topmargin}{-16.37994pt}.

[48 <./55-Controlador_completo.pdf> <./56-grafica_posicion_vs_posicionconsigna.
png>]
<58-grafica__detalle_error _posicion_vs_posicionconsigna.png, id=1567, 654.1940
6pt x 559.33969pt>
File: 58-grafica__detalle_error _posicion_vs_posicionconsigna.png Graphic file 
(type png)
<use 58-grafica__detalle_error _posicion_vs_posicionconsigna.png>
Package pdftex.def Info: 58-grafica__detalle_error _posicion_vs_posicionconsign
a.png  used on input line 2150.
(pdftex.def)             Requested size: 654.19246pt x 559.33832pt.
<59-grafica_velocidad_m_vs_consigna_velocidad_m_vs_velocidad_e.png, id=1568, 65
4.19406pt x 602.25pt>
File: 59-grafica_velocidad_m_vs_consigna_velocidad_m_vs_velocidad_e.png Graphic
 file (type png)
<use 59-grafica_velocidad_m_vs_consigna_velocidad_m_vs_velocidad_e.png>
Package pdftex.def Info: 59-grafica_velocidad_m_vs_consigna_velocidad_m_vs_velo
cidad_e.png  used on input line 2159.
(pdftex.def)             Requested size: 654.19246pt x 602.24852pt.



Package fancyhdr Warning: \headheight is too small (18.0pt): 
(fancyhdr)                Make it at least 34.37994pt, for example:
(fancyhdr)                \setlength{\headheight}{34.37994pt}.
(fancyhdr)                You might also make \topmargin smaller to compensate:

(fancyhdr)                \addtolength{\topmargin}{-16.37994pt}.

[49 <./57-grafica_error _posicion_vs_posicionconsigna.png> <./58-grafica__detal
le_error _posicion_vs_posicionconsigna.png>]
<60-grafica_torque_y_corriente_iqs.png, id=1575, 654.19406pt x 602.25pt>
File: 60-grafica_torque_y_corriente_iqs.png Graphic file (type png)
<use 60-grafica_torque_y_corriente_iqs.png>
Package pdftex.def Info: 60-grafica_torque_y_corriente_iqs.png  used on input l
ine 2168.
(pdftex.def)             Requested size: 654.19246pt x 602.24852pt.



Package fancyhdr Warning: \headheight is too small (18.0pt): 
(fancyhdr)                Make it at least 34.37994pt, for example:
(fancyhdr)                \setlength{\headheight}{34.37994pt}.
(fancyhdr)                You might also make \topmargin smaller to compensate:

(fancyhdr)                \addtolength{\topmargin}{-16.37994pt}.

[50 <./59-grafica_velocidad_m_vs_consigna_velocidad_m_vs_velocidad_e.png>]
<61-grafica_corrientes_abc.png, id=1580, 654.19406pt x 602.25pt>
File: 61-grafica_corrientes_abc.png Graphic file (type png)
<use 61-grafica_corrientes_abc.png>
Package pdftex.def Info: 61-grafica_corrientes_abc.png  used on input line 2177
.
(pdftex.def)             Requested size: 654.19246pt x 602.24852pt.
<62-grafica_tensiones_abc.png, id=1581, 654.19406pt x 602.25pt>
File: 62-grafica_tensiones_abc.png Graphic file (type png)
<use 62-grafica_tensiones_abc.png>
Package pdftex.def Info: 62-grafica_tensiones_abc.png  used on input line 2186.

(pdftex.def)             Requested size: 654.19246pt x 602.24852pt.



Package fancyhdr Warning: \headheight is too small (18.0pt): 
(fancyhdr)                Make it at least 34.37994pt, for example:
(fancyhdr)                \setlength{\headheight}{34.37994pt}.
(fancyhdr)                You might also make \topmargin smaller to compensate:

(fancyhdr)                \addtolength{\topmargin}{-16.37994pt}.

[51 <./60-grafica_torque_y_corriente_iqs.png> <./61-grafica_corrientes_abc.png>
]
<63-Torque_de_perturbacion.png, id=1587, 654.19406pt x 602.25pt>
File: 63-Torque_de_perturbacion.png Graphic file (type png)
<use 63-Torque_de_perturbacion.png>
Package pdftex.def Info: 63-Torque_de_perturbacion.png  used on input line 2197
.
(pdftex.def)             Requested size: 654.19246pt x 602.24852pt.
<64-grafica_error _posicion_vs_posicionconsigna_con_perturbacion.png, id=1588, 
654.19406pt x 559.33969pt>
File: 64-grafica_error _posicion_vs_posicionconsigna_con_perturbacion.png Graph
ic file (type png)
<use 64-grafica_error _posicion_vs_posicionconsigna_con_perturbacion.png>
Package pdftex.def Info: 64-grafica_error _posicion_vs_posicionconsigna_con_per
turbacion.png  used on input line 2206.
(pdftex.def)             Requested size: 654.19246pt x 559.33832pt.



Package fancyhdr Warning: \headheight is too small (18.0pt): 
(fancyhdr)                Make it at least 34.37994pt, for example:
(fancyhdr)                \setlength{\headheight}{34.37994pt}.
(fancyhdr)                You might also make \topmargin smaller to compensate:

(fancyhdr)                \addtolength{\topmargin}{-16.37994pt}.

[52 <./62-grafica_tensiones_abc.png> <./63-Torque_de_perturbacion.png>]
<65-Error_entre_posicion_medida_y_posicion_observada_ante_perturbacion.png, id=
1594, 654.19406pt x 559.33969pt>
File: 65-Error_entre_posicion_medida_y_posicion_observada_ante_perturbacion.png
 Graphic file (type png)
<use 65-Error_entre_posicion_medida_y_posicion_observada_ante_perturbacion.png>

Package pdftex.def Info: 65-Error_entre_posicion_medida_y_posicion_observada_an
te_perturbacion.png  used on input line 2215.
(pdftex.def)             Requested size: 654.19246pt x 559.33832pt.



Package fancyhdr Warning: \headheight is too small (18.0pt): 
(fancyhdr)                Make it at least 34.37994pt, for example:
(fancyhdr)                \setlength{\headheight}{34.37994pt}.
(fancyhdr)                You might also make \topmargin smaller to compensate:

(fancyhdr)                \addtolength{\topmargin}{-16.37994pt}.

[53 <./64-grafica_error _posicion_vs_posicionconsigna_con_perturbacion.png> <./
65-Error_entre_posicion_medida_y_posicion_observada_ante_perturbacion.png>]


Package fancyhdr Warning: \headheight is too small (18.0pt): 
(fancyhdr)                Make it at least 34.37994pt, for example:
(fancyhdr)                \setlength{\headheight}{34.37994pt}.
(fancyhdr)                You might also make \topmargin smaller to compensate:

(fancyhdr)                \addtolength{\topmargin}{-16.37994pt}.

[54]
<66-pos_vel_acel_suaves.png, id=1603, 1445.4pt x 724.95844pt>
File: 66-pos_vel_acel_suaves.png Graphic file (type png)
<use 66-pos_vel_acel_suaves.png>
Package pdftex.def Info: 66-pos_vel_acel_suaves.png  used on input line 2290.
(pdftex.def)             Requested size: 1445.39648pt x 724.95667pt.
<67-grafica_tensiones_abc_nuevas.png, id=1604, 654.19406pt x 602.25pt>
File: 67-grafica_tensiones_abc_nuevas.png Graphic file (type png)
<use 67-grafica_tensiones_abc_nuevas.png>
Package pdftex.def Info: 67-grafica_tensiones_abc_nuevas.png  used on input lin
e 2300.
(pdftex.def)             Requested size: 654.19246pt x 602.24852pt.



Package fancyhdr Warning: \headheight is too small (18.0pt): 
(fancyhdr)                Make it at least 34.37994pt, for example:
(fancyhdr)                \setlength{\headheight}{34.37994pt}.
(fancyhdr)                You might also make \topmargin smaller to compensate:

(fancyhdr)                \addtolength{\topmargin}{-16.37994pt}.

[55 <./66-pos_vel_acel_suaves.png (PNG copy)>]
<68-grafica_corrientes_abc_nueva.png, id=1609, 654.19406pt x 602.25pt>
File: 68-grafica_corrientes_abc_nueva.png Graphic file (type png)
<use 68-grafica_corrientes_abc_nueva.png>
Package pdftex.def Info: 68-grafica_corrientes_abc_nueva.png  used on input lin
e 2309.
(pdftex.def)             Requested size: 654.19246pt x 602.24852pt.
<69-grafica_torque_nueva.png, id=1610, 654.19406pt x 602.25pt>
File: 69-grafica_torque_nueva.png Graphic file (type png)
<use 69-grafica_torque_nueva.png>
Package pdftex.def Info: 69-grafica_torque_nueva.png  used on input line 2318.
(pdftex.def)             Requested size: 654.19246pt x 602.24852pt.



Package fancyhdr Warning: \headheight is too small (18.0pt): 
(fancyhdr)                Make it at least 34.37994pt, for example:
(fancyhdr)                \setlength{\headheight}{34.37994pt}.
(fancyhdr)                You might also make \topmargin smaller to compensate:

(fancyhdr)                \addtolength{\topmargin}{-16.37994pt}.

[56 <./67-grafica_tensiones_abc_nuevas.png> <./68-grafica_corrientes_abc_nueva.
png>]


Package fancyhdr Warning: \headheight is too small (18.0pt): 
(fancyhdr)                Make it at least 34.37994pt, for example:
(fancyhdr)                \setlength{\headheight}{34.37994pt}.
(fancyhdr)                You might also make \topmargin smaller to compensate:

(fancyhdr)                \addtolength{\topmargin}{-16.37994pt}.

[57 <./69-grafica_torque_nueva.png>]

pdfTeX warning: pdflatex.exe (file ./70-Observador_con_integrador.pdf): PDF inc
lusion: found PDF version <1.7>, but at most version <1.5> allowed
<70-Observador_con_integrador.pdf, id=1620, 794.97pt x 300.10118pt>
File: 70-Observador_con_integrador.pdf Graphic file (type pdf)
<use 70-Observador_con_integrador.pdf>
Package pdftex.def Info: 70-Observador_con_integrador.pdf  used on input line 2
388.
(pdftex.def)             Requested size: 794.96806pt x 300.10045pt.
<71-Error_entre_posicion_medida_y_posicion_observada_ante_perturbacion_2.png, i
d=1621, 654.19406pt x 559.33969pt>
File: 71-Error_entre_posicion_medida_y_posicion_observada_ante_perturbacion_2.p
ng Graphic file (type png)
<use 71-Error_entre_posicion_medida_y_posicion_observada_ante_perturbacion_2.pn
g>
Package pdftex.def Info: 71-Error_entre_posicion_medida_y_posicion_observada_an
te_perturbacion_2.png  used on input line 2397.
(pdftex.def)             Requested size: 654.19246pt x 559.33832pt.
<72-ts_500.png, id=1622, 674.52pt x 349.90726pt>
File: 72-ts_500.png Graphic file (type png)
<use 72-ts_500.png>
Package pdftex.def Info: 72-ts_500.png  used on input line 2408.
(pdftex.def)             Requested size: 674.51836pt x 349.90639pt.



Package fancyhdr Warning: \headheight is too small (18.0pt): 
(fancyhdr)                Make it at least 34.37994pt, for example:
(fancyhdr)                \setlength{\headheight}{34.37994pt}.
(fancyhdr)                You might also make \topmargin smaller to compensate:

(fancyhdr)                \addtolength{\topmargin}{-16.37994pt}.

[58 <./70-Observador_con_integrador.pdf> <./71-Error_entre_posicion_medida_y_po
sicion_observada_ante_perturbacion_2.png>]

pdfTeX warning: pdflatex.exe (file ./73-Diagrama_Sensor_FPB_orden_2.pdf): PDF i
nclusion: found PDF version <1.7>, but at most version <1.5> allowed
<73-Diagrama_Sensor_FPB_orden_2.pdf, id=1630, 613.12064pt x 301.0949pt>
File: 73-Diagrama_Sensor_FPB_orden_2.pdf Graphic file (type pdf)
<use 73-Diagrama_Sensor_FPB_orden_2.pdf>
Package pdftex.def Info: 73-Diagrama_Sensor_FPB_orden_2.pdf  used on input line
 2454.
(pdftex.def)             Requested size: 613.11914pt x 301.09415pt.



Package fancyhdr Warning: \headheight is too small (18.0pt): 
(fancyhdr)                Make it at least 34.37994pt, for example:
(fancyhdr)                \setlength{\headheight}{34.37994pt}.
(fancyhdr)                You might also make \topmargin smaller to compensate:

(fancyhdr)                \addtolength{\topmargin}{-16.37994pt}.

[59 <./72-ts_500.png>]

pdfTeX warning: pdflatex.exe (file ./74-diagrama_sensor_ts_real.pdf): PDF inclu
sion: found PDF version <1.7>, but at most version <1.5> allowed
<74-diagrama_sensor_ts_real.pdf, id=1635, 587.28412pt x 185.82425pt>
File: 74-diagrama_sensor_ts_real.pdf Graphic file (type pdf)
<use 74-diagrama_sensor_ts_real.pdf>
Package pdftex.def Info: 74-diagrama_sensor_ts_real.pdf  used on input line 249
2.
(pdftex.def)             Requested size: 587.28268pt x 185.82379pt.
<75-Posiciones_para_Sensores_reales.png, id=1636, 654.64575pt x 520.94624pt>
File: 75-Posiciones_para_Sensores_reales.png Graphic file (type png)
<use 75-Posiciones_para_Sensores_reales.png>
Package pdftex.def Info: 75-Posiciones_para_Sensores_reales.png  used on input 
line 2503.
(pdftex.def)             Requested size: 654.64415pt x 520.94498pt.



Package fancyhdr Warning: \headheight is too small (18.0pt): 
(fancyhdr)                Make it at least 34.37994pt, for example:
(fancyhdr)                \setlength{\headheight}{34.37994pt}.
(fancyhdr)                You might also make \topmargin smaller to compensate:

(fancyhdr)                \addtolength{\topmargin}{-16.37994pt}.

[60 <./73-Diagrama_Sensor_FPB_orden_2.pdf> <./74-diagrama_sensor_ts_real.pdf>]
<76-Corrientes_abc_con_sensores_reales.png, id=1646, 654.64575pt x 520.94624pt>

File: 76-Corrientes_abc_con_sensores_reales.png Graphic file (type png)
<use 76-Corrientes_abc_con_sensores_reales.png>
Package pdftex.def Info: 76-Corrientes_abc_con_sensores_reales.png  used on inp
ut line 2512.
(pdftex.def)             Requested size: 654.64415pt x 520.94498pt.
<77-Temperatura_con_sensores_reales.png, id=1647, 654.64575pt x 520.94624pt>
File: 77-Temperatura_con_sensores_reales.png Graphic file (type png)
<use 77-Temperatura_con_sensores_reales.png>
Package pdftex.def Info: 77-Temperatura_con_sensores_reales.png  used on input 
line 2521.
(pdftex.def)             Requested size: 654.64415pt x 520.94498pt.



Package fancyhdr Warning: \headheight is too small (18.0pt): 
(fancyhdr)                Make it at least 34.37994pt, for example:
(fancyhdr)                \setlength{\headheight}{34.37994pt}.
(fancyhdr)                You might also make \topmargin smaller to compensate:

(fancyhdr)                \addtolength{\topmargin}{-16.37994pt}.

[61 <./75-Posiciones_para_Sensores_reales.png> <./76-Corrientes_abc_con_sensore
s_reales.png>]
<78-Posiciones_para_Sensores_reales_2.png, id=1654, 654.0435pt x 477.58424pt>
File: 78-Posiciones_para_Sensores_reales_2.png Graphic file (type png)
<use 78-Posiciones_para_Sensores_reales_2.png>
Package pdftex.def Info: 78-Posiciones_para_Sensores_reales_2.png  used on inpu
t line 2532.
(pdftex.def)             Requested size: 654.0419pt x 477.58307pt.
<79-Corrientes_abc_con_sensores_reales_2.png, id=1655, 654.64575pt x 520.94624p
t>
File: 79-Corrientes_abc_con_sensores_reales_2.png Graphic file (type png)
<use 79-Corrientes_abc_con_sensores_reales_2.png>
Package pdftex.def Info: 79-Corrientes_abc_con_sensores_reales_2.png  used on i
nput line 2541.
(pdftex.def)             Requested size: 654.64415pt x 520.94498pt.



Package fancyhdr Warning: \headheight is too small (18.0pt): 
(fancyhdr)                Make it at least 34.37994pt, for example:
(fancyhdr)                \setlength{\headheight}{34.37994pt}.
(fancyhdr)                You might also make \topmargin smaller to compensate:

(fancyhdr)                \addtolength{\topmargin}{-16.37994pt}.

[62 <./77-Temperatura_con_sensores_reales.png> <./78-Posiciones_para_Sensores_r
eales_2.png>]
<80-Temperatura_con_sensores_reales_2.png, id=1661, 654.64575pt x 520.94624pt>
File: 80-Temperatura_con_sensores_reales_2.png Graphic file (type png)
<use 80-Temperatura_con_sensores_reales_2.png>
Package pdftex.def Info: 80-Temperatura_con_sensores_reales_2.png  used on inpu
t line 2550.
(pdftex.def)             Requested size: 654.64415pt x 520.94498pt.



Package fancyhdr Warning: \headheight is too small (18.0pt): 
(fancyhdr)                Make it at least 34.37994pt, for example:
(fancyhdr)                \setlength{\headheight}{34.37994pt}.
(fancyhdr)                You might also make \topmargin smaller to compensate:

(fancyhdr)                \addtolength{\topmargin}{-16.37994pt}.

[63 <./79-Corrientes_abc_con_sensores_reales_2.png> <./80-Temperatura_con_senso
res_reales_2.png>]
<81-Posiciones_para_Sensores_reales_3.png, id=1667, 654.0435pt x 477.58424pt>
File: 81-Posiciones_para_Sensores_reales_3.png Graphic file (type png)
<use 81-Posiciones_para_Sensores_reales_3.png>
Package pdftex.def Info: 81-Posiciones_para_Sensores_reales_3.png  used on inpu
t line 2562.
(pdftex.def)             Requested size: 654.0419pt x 477.58307pt.
<82-Corrientes_abc_con_sensores_reales_3.png, id=1668, 654.64575pt x 520.94624p
t>
File: 82-Corrientes_abc_con_sensores_reales_3.png Graphic file (type png)
<use 82-Corrientes_abc_con_sensores_reales_3.png>
Package pdftex.def Info: 82-Corrientes_abc_con_sensores_reales_3.png  used on i
nput line 2571.
(pdftex.def)             Requested size: 654.64415pt x 520.94498pt.
<83-Temperatura_con_sensores_reales_3.png, id=1669, 654.64575pt x 520.94624pt>
File: 83-Temperatura_con_sensores_reales_3.png Graphic file (type png)
<use 83-Temperatura_con_sensores_reales_3.png>
Package pdftex.def Info: 83-Temperatura_con_sensores_reales_3.png  used on inpu
t line 2580.
(pdftex.def)             Requested size: 654.64415pt x 520.94498pt.



Package fancyhdr Warning: \headheight is too small (18.0pt): 
(fancyhdr)                Make it at least 34.37994pt, for example:
(fancyhdr)                \setlength{\headheight}{34.37994pt}.
(fancyhdr)                You might also make \topmargin smaller to compensate:

(fancyhdr)                \addtolength{\topmargin}{-16.37994pt}.

[64 <./81-Posiciones_para_Sensores_reales_3.png> <./82-Corrientes_abc_con_senso
res_reales_3.png>]

pdfTeX warning: pdflatex.exe (file ./84-Modulador_De_tension_no_ideal.pdf): PDF
 inclusion: found PDF version <1.7>, but at most version <1.5> allowed
<84-Modulador_De_tension_no_ideal.pdf, id=1675, 706.5296pt x 300.10118pt>
File: 84-Modulador_De_tension_no_ideal.pdf Graphic file (type pdf)
<use 84-Modulador_De_tension_no_ideal.pdf>
Package pdftex.def Info: 84-Modulador_De_tension_no_ideal.pdf  used on input li
ne 2625.
(pdftex.def)             Requested size: 706.52788pt x 300.10045pt.
<85-Error_posicion_modulador_de_tension_real.png, id=1676, 654.0435pt x 477.584
24pt>
File: 85-Error_posicion_modulador_de_tension_real.png Graphic file (type png)
<use 85-Error_posicion_modulador_de_tension_real.png>
Package pdftex.def Info: 85-Error_posicion_modulador_de_tension_real.png  used 
on input line 2634.
(pdftex.def)             Requested size: 654.0419pt x 477.58307pt.



Package fancyhdr Warning: \headheight is too small (18.0pt): 
(fancyhdr)                Make it at least 34.37994pt, for example:
(fancyhdr)                \setlength{\headheight}{34.37994pt}.
(fancyhdr)                You might also make \topmargin smaller to compensate:

(fancyhdr)                \addtolength{\topmargin}{-16.37994pt}.

[65 <./83-Temperatura_con_sensores_reales_3.png> <./84-Modulador_De_tension_no_
ideal.pdf>]
<T.jpg, id=1684, 720.6925pt x 375.4025pt>
File: T.jpg Graphic file (type jpg)
<use T.jpg>
Package pdftex.def Info: T.jpg  used on input line 2642.
(pdftex.def)             Requested size: 720.69075pt x 375.40158pt.
<86-Corrientes_abc_con_modulador_de_tension_real.png, id=1685, 654.64575pt x 52
0.94624pt>
File: 86-Corrientes_abc_con_modulador_de_tension_real.png Graphic file (type pn
g)
<use 86-Corrientes_abc_con_modulador_de_tension_real.png>
Package pdftex.def Info: 86-Corrientes_abc_con_modulador_de_tension_real.png  u
sed on input line 2650.
(pdftex.def)             Requested size: 654.64415pt x 520.94498pt.



Package fancyhdr Warning: \headheight is too small (18.0pt): 
(fancyhdr)                Make it at least 34.37994pt, for example:
(fancyhdr)                \setlength{\headheight}{34.37994pt}.
(fancyhdr)                You might also make \topmargin smaller to compensate:

(fancyhdr)                \addtolength{\topmargin}{-16.37994pt}.

[66 <./85-Error_posicion_modulador_de_tension_real.png> <./T.jpg>]
<87-Error_posicion_modulador_de_tension_real_2.png, id=1690, 654.0435pt x 477.5
8424pt>
File: 87-Error_posicion_modulador_de_tension_real_2.png Graphic file (type png)

<use 87-Error_posicion_modulador_de_tension_real_2.png>
Package pdftex.def Info: 87-Error_posicion_modulador_de_tension_real_2.png  use
d on input line 2660.
(pdftex.def)             Requested size: 654.0419pt x 477.58307pt.
<T2.jpg, id=1691, 1927.2pt x 966.61125pt>
File: T2.jpg Graphic file (type jpg)
<use T2.jpg>
Package pdftex.def Info: T2.jpg  used on input line 2668.
(pdftex.def)             Requested size: 1927.19533pt x 966.6089pt.
<88-Corrientes_abc_con_modulador_de_tension_real_2.png, id=1692, 654.64575pt x 
520.94624pt>
File: 88-Corrientes_abc_con_modulador_de_tension_real_2.png Graphic file (type 
png)
<use 88-Corrientes_abc_con_modulador_de_tension_real_2.png>
Package pdftex.def Info: 88-Corrientes_abc_con_modulador_de_tension_real_2.png 
 used on input line 2676.
(pdftex.def)             Requested size: 654.64415pt x 520.94498pt.



Package fancyhdr Warning: \headheight is too small (18.0pt): 
(fancyhdr)                Make it at least 34.37994pt, for example:
(fancyhdr)                \setlength{\headheight}{34.37994pt}.
(fancyhdr)                You might also make \topmargin smaller to compensate:

(fancyhdr)                \addtolength{\topmargin}{-16.37994pt}.

[67 <./86-Corrientes_abc_con_modulador_de_tension_real.png> <./87-Error_posicio
n_modulador_de_tension_real_2.png>]
<89-Error_posicion_modulador_de_tension_real_3.png, id=1699, 654.0435pt x 477.5
8424pt>
File: 89-Error_posicion_modulador_de_tension_real_3.png Graphic file (type png)

<use 89-Error_posicion_modulador_de_tension_real_3.png>
Package pdftex.def Info: 89-Error_posicion_modulador_de_tension_real_3.png  use
d on input line 2685.
(pdftex.def)             Requested size: 654.0419pt x 477.58307pt.



Package fancyhdr Warning: \headheight is too small (18.0pt): 
(fancyhdr)                Make it at least 34.37994pt, for example:
(fancyhdr)                \setlength{\headheight}{34.37994pt}.
(fancyhdr)                You might also make \topmargin smaller to compensate:

(fancyhdr)                \addtolength{\topmargin}{-16.37994pt}.

[68 <./T2.jpg> <./88-Corrientes_abc_con_modulador_de_tension_real_2.png>]
<T3.jpg, id=1704, 1927.2pt x 966.61125pt>
File: T3.jpg Graphic file (type jpg)
<use T3.jpg>
Package pdftex.def Info: T3.jpg  used on input line 2694.
(pdftex.def)             Requested size: 1927.19533pt x 966.6089pt.
<90-Corrientes_abc_con_modulador_de_tension_real_3.png, id=1705, 654.64575pt x 
520.94624pt>
File: 90-Corrientes_abc_con_modulador_de_tension_real_3.png Graphic file (type 
png)
<use 90-Corrientes_abc_con_modulador_de_tension_real_3.png>
Package pdftex.def Info: 90-Corrientes_abc_con_modulador_de_tension_real_3.png 
 used on input line 2702.
(pdftex.def)             Requested size: 654.64415pt x 520.94498pt.



Package fancyhdr Warning: \headheight is too small (18.0pt): 
(fancyhdr)                Make it at least 34.37994pt, for example:
(fancyhdr)                \setlength{\headheight}{34.37994pt}.
(fancyhdr)                You might also make \topmargin smaller to compensate:

(fancyhdr)                \addtolength{\topmargin}{-16.37994pt}.

[69 <./89-Error_posicion_modulador_de_tension_real_3.png> <./T3.jpg>]

pdfTeX warning: pdflatex.exe (file ./91-Modelo_discreto_De_integrador.pdf): PDF
 inclusion: found PDF version <1.7>, but at most version <1.5> allowed
<91-Modelo_discreto_De_integrador.pdf, id=1710, 666.78107pt x 106.32724pt>
File: 91-Modelo_discreto_De_integrador.pdf Graphic file (type pdf)
<use 91-Modelo_discreto_De_integrador.pdf>
Package pdftex.def Info: 91-Modelo_discreto_De_integrador.pdf  used on input li
ne 2729.
(pdftex.def)             Requested size: 666.77943pt x 106.32697pt.


pdfTeX warning: pdflatex.exe (file ./92-PID_Discreto.pdf): PDF inclusion: found
 PDF version <1.7>, but at most version <1.5> allowed
<92-PID_Discreto.pdf, id=1711, 794.97pt x 293.14517pt>
File: 92-PID_Discreto.pdf Graphic file (type pdf)
<use 92-PID_Discreto.pdf>
Package pdftex.def Info: 92-PID_Discreto.pdf  used on input line 2738.
(pdftex.def)             Requested size: 794.96806pt x 293.14445pt.


pdfTeX warning: pdflatex.exe (file ./93-Observador_discreto.pdf): PDF inclusion
: found PDF version <1.7>, but at most version <1.5> allowed
<93-Observador_discreto.pdf, id=1712, 794.97pt x 281.22066pt>
File: 93-Observador_discreto.pdf Graphic file (type pdf)
<use 93-Observador_discreto.pdf>
Package pdftex.def Info: 93-Observador_discreto.pdf  used on input line 2746.
(pdftex.def)             Requested size: 794.96806pt x 281.21996pt.



Package fancyhdr Warning: \headheight is too small (18.0pt): 
(fancyhdr)                Make it at least 34.37994pt, for example:
(fancyhdr)                \setlength{\headheight}{34.37994pt}.
(fancyhdr)                You might also make \topmargin smaller to compensate:

(fancyhdr)                \addtolength{\topmargin}{-16.37994pt}.

[70 <./90-Corrientes_abc_con_modulador_de_tension_real_3.png> <./91-Modelo_disc
reto_De_integrador.pdf>]

pdfTeX warning: pdflatex.exe (file ./94-Controlador_discreto.pdf): PDF inclusio
n: found PDF version <1.7>, but at most version <1.5> allowed
<94-Controlador_discreto.pdf, id=1720, 794.97pt x 361.71133pt>
File: 94-Controlador_discreto.pdf Graphic file (type pdf)
<use 94-Controlador_discreto.pdf>
Package pdftex.def Info: 94-Controlador_discreto.pdf  used on input line 2754.
(pdftex.def)             Requested size: 794.96806pt x 361.71043pt.
<95-Tensiones_abc_discreto.png, id=1721, 654.64575pt x 520.94624pt>
File: 95-Tensiones_abc_discreto.png Graphic file (type png)
<use 95-Tensiones_abc_discreto.png>
Package pdftex.def Info: 95-Tensiones_abc_discreto.png  used on input line 2763
.
(pdftex.def)             Requested size: 654.64415pt x 520.94498pt.



Package fancyhdr Warning: \headheight is too small (18.0pt): 
(fancyhdr)                Make it at least 34.37994pt, for example:
(fancyhdr)                \setlength{\headheight}{34.37994pt}.
(fancyhdr)                You might also make \topmargin smaller to compensate:

(fancyhdr)                \addtolength{\topmargin}{-16.37994pt}.

[71 <./92-PID_Discreto.pdf> <./93-Observador_discreto.pdf> <./94-Controlador_di
screto.pdf>]
<96-Corrientes_abc_discreto.png, id=1738, 654.64575pt x 520.94624pt>
File: 96-Corrientes_abc_discreto.png Graphic file (type png)
<use 96-Corrientes_abc_discreto.png>
Package pdftex.def Info: 96-Corrientes_abc_discreto.png  used on input line 277
1.
(pdftex.def)             Requested size: 654.64415pt x 520.94498pt.
<97-Torque_discreto.png, id=1739, 654.64575pt x 520.94624pt>
File: 97-Torque_discreto.png Graphic file (type png)
<use 97-Torque_discreto.png>
Package pdftex.def Info: 97-Torque_discreto.png  used on input line 2779.
(pdftex.def)             Requested size: 654.64415pt x 520.94498pt.



Package fancyhdr Warning: \headheight is too small (18.0pt): 
(fancyhdr)                Make it at least 34.37994pt, for example:
(fancyhdr)                \setlength{\headheight}{34.37994pt}.
(fancyhdr)                You might also make \topmargin smaller to compensate:

(fancyhdr)                \addtolength{\topmargin}{-16.37994pt}.

[72 <./95-Tensiones_abc_discreto.png>]
<98-Temperatura_discreto.png, id=1744, 654.64575pt x 520.94624pt>
File: 98-Temperatura_discreto.png Graphic file (type png)
<use 98-Temperatura_discreto.png>
Package pdftex.def Info: 98-Temperatura_discreto.png  used on input line 2787.
(pdftex.def)             Requested size: 654.64415pt x 520.94498pt.
<99-Error_entre_pos_y_posConsigna_discreto.png, id=1745, 654.0435pt x 477.58424
pt>
File: 99-Error_entre_pos_y_posConsigna_discreto.png Graphic file (type png)
<use 99-Error_entre_pos_y_posConsigna_discreto.png>
Package pdftex.def Info: 99-Error_entre_pos_y_posConsigna_discreto.png  used on
 input line 2795.
(pdftex.def)             Requested size: 654.0419pt x 477.58307pt.



Package fancyhdr Warning: \headheight is too small (18.0pt): 
(fancyhdr)                Make it at least 34.37994pt, for example:
(fancyhdr)                \setlength{\headheight}{34.37994pt}.
(fancyhdr)                You might also make \topmargin smaller to compensate:

(fancyhdr)                \addtolength{\topmargin}{-16.37994pt}.

[73 <./96-Corrientes_abc_discreto.png> <./97-Torque_discreto.png>]


Package fancyhdr Warning: \headheight is too small (18.0pt): 
(fancyhdr)                Make it at least 34.37994pt, for example:
(fancyhdr)                \setlength{\headheight}{34.37994pt}.
(fancyhdr)                You might also make \topmargin smaller to compensate:

(fancyhdr)                \addtolength{\topmargin}{-16.37994pt}.

[74 <./98-Temperatura_discreto.png> <./99-Error_entre_pos_y_posConsigna_discret
o.png>]


Package fancyhdr Warning: \headheight is too small (18.0pt): 
(fancyhdr)                Make it at least 34.37994pt, for example:
(fancyhdr)                \setlength{\headheight}{34.37994pt}.
(fancyhdr)                You might also make \topmargin smaller to compensate:

(fancyhdr)                \addtolength{\topmargin}{-16.37994pt}.

[75] 
enddocument/afterlastpage: lastpage setting LastPage.
(AyME_Proyecto_Global_Integrador_BORQUEZ_ESCOBAR.aux
LaTeX Info: Redefining \sptext on input line 10.
LaTeX Info: Redefining \. on input line 10.
LaTeX Info: Redefining \% on input line 10.
)
 ***********
LaTeX2e <2024-06-01>
L3 programming layer <2024-05-08>
 ***********
Package logreq Info: Writing requests to 'AyME_Proyecto_Global_Integrador_BORQU
EZ_ESCOBAR.run.xml'.
\openout1 = `AyME_Proyecto_Global_Integrador_BORQUEZ_ESCOBAR.run.xml'.

 ) 
Here is how much of TeX's memory you used:
 17855 strings out of 473937
 364876 string characters out of 5739564
 1971893 words of memory out of 5000000
 40472 multiletter control sequences out of 15000+600000
 668435 words of font info for 154 fonts, out of 8000000 for 9000
 1141 hyphenation exceptions out of 8191
 70i,22n,81p,1095b,1797s stack positions out of 10000i,1000n,20000p,200000b,200000s
<D:/Programas/LaTEX/fonts/type1/public/amsfonts/cm/cmbx10.pfb><D:/Programas/L
aTEX/fonts/type1/public/amsfonts/cm/cmbx7.pfb><D:/Programas/LaTEX/fonts/type1/p
ublic/amsfonts/cm/cmex10.pfb><D:/Programas/LaTEX/fonts/type1/public/amsfonts/cm
extra/cmex7.pfb><D:/Programas/LaTEX/fonts/type1/public/amsfonts/cm/cmmi10.pfb><
D:/Programas/LaTEX/fonts/type1/public/amsfonts/cm/cmmi5.pfb><D:/Programas/LaTEX
/fonts/type1/public/amsfonts/cm/cmmi6.pfb><D:/Programas/LaTEX/fonts/type1/publi
c/amsfonts/cm/cmmi7.pfb><D:/Programas/LaTEX/fonts/type1/public/amsfonts/cm/cmmi
8.pfb><D:/Programas/LaTEX/fonts/type1/public/amsfonts/cm/cmr10.pfb><D:/Programa
s/LaTEX/fonts/type1/public/amsfonts/cm/cmr5.pfb><D:/Programas/LaTEX/fonts/type1
/public/amsfonts/cm/cmr6.pfb><D:/Programas/LaTEX/fonts/type1/public/amsfonts/cm
/cmr7.pfb><D:/Programas/LaTEX/fonts/type1/public/amsfonts/cm/cmr8.pfb><D:/Progr
amas/LaTEX/fonts/type1/public/amsfonts/cm/cmsy10.pfb><D:/Programas/LaTEX/fonts/
type1/public/amsfonts/cm/cmsy5.pfb><D:/Programas/LaTEX/fonts/type1/public/amsfo
nts/cm/cmsy6.pfb><D:/Programas/LaTEX/fonts/type1/public/amsfonts/cm/cmsy7.pfb><
D:/Programas/LaTEX/fonts/type1/public/amsfonts/cm/cmsy8.pfb><D:/Programas/LaTEX
/fonts/type1/public/amsfonts/symbols/msam10.pfb><D:/Programas/LaTEX/fonts/type1
/urw/times/utmb8a.pfb><D:/Programas/LaTEX/fonts/type1/urw/times/utmbi8a.pfb><D:
/Programas/LaTEX/fonts/type1/urw/times/utmr8a.pfb><D:/Programas/LaTEX/fonts/typ
e1/urw/times/utmri8a.pfb>
Output written on AyME_Proyecto_Global_Integrador_BORQUEZ_ESCOBAR.pdf (75 pages
, 8969618 bytes).
PDF statistics:
 1862 PDF objects out of 2073 (max. 8388607)
 0 named destinations out of 1000 (max. 500000)
 522 words of extra memory for PDF output out of 10000 (max. 10000000)

